Using pre-set license
Built from '2020.2/china_unity/release' branch; Version is '2020.2.0f1c1 (f2fe8b73675a) revision 15924875'; Using compiler version '192528614'; Build Type 'Release'
OS: 'Windows 10  (10.0.0) 64bit' Language: 'zh' Physical Memory: 8053 MB
BatchMode: 1, IsHumanControllingUs: 0, StartBugReporterOnCrash: 0, Is64bit: 1, IsPro: 0

 COMMAND LINE ARGUMENTS:
D:\GameDeveloperTools\UNITY\UnityEditorInstall\2020.2.0f1c1\Editor\Unity.exe
-adb2
-batchMode
-noUpm
-name
AssetImportWorker0
-projectPath
D:/Developer/WorkPlace/UnityProgram/BreakTheRainbow
-logFile
Logs/AssetImportWorker0.log
-srvPort
61570
Successfully changed project path to: D:/Developer/WorkPlace/UnityProgram/BreakTheRainbow
D:/Developer/WorkPlace/UnityProgram/BreakTheRainbow
Using Asset Import Pipeline V2.
Refreshing native plugins compatible for Editor in 70.05 ms, found 0 plugins.
Preloading 0 native plugins for Editor in 0.00 ms.
Initialize engine version: 2020.2.0f1c1 (f2fe8b73675a)
[Subsystems] Discovering subsystems at path D:/GameDeveloperTools/UNITY/UnityEditorInstall/2020.2.0f1c1/Editor/Data/Resources/UnitySubsystems
[Subsystems] Discovering subsystems at path D:/Developer/WorkPlace/UnityProgram/BreakTheRainbow/Assets
GfxDevice: creating device client; threaded=0
Direct3D:
    Version:  Direct3D 11.0 [level 11.1]
    Renderer: NVIDIA GeForce GTX 1050 (ID=0x1c8d)
    Vendor:   
    VRAM:     4021 MB
    Driver:   27.21.14.6079
Shader 'Universal Render Pipeline/Particles/Lit': fallback shader 'Universal Render Pipeline/Particles/SimpleLit' not found
Initialize mono
Mono path[0] = 'D:/GameDeveloperTools/UNITY/UnityEditorInstall/2020.2.0f1c1/Editor/Data/Managed'
Mono path[1] = 'D:/GameDeveloperTools/UNITY/UnityEditorInstall/2020.2.0f1c1/Editor/Data/MonoBleedingEdge/lib/mono/unityjit'
Mono config path = 'D:/GameDeveloperTools/UNITY/UnityEditorInstall/2020.2.0f1c1/Editor/Data/MonoBleedingEdge/etc'
Using monoOptions --debugger-agent=transport=dt_socket,embedding=1,server=y,suspend=n,address=127.0.0.1:56836
Begin MonoManager ReloadAssembly
Registering precompiled unity dll's ...
Register platform support module: D:/GameDeveloperTools/UNITY/UnityEditorInstall/2020.2.0f1c1/Editor/Data/PlaybackEngines/WindowsStandaloneSupport/UnityEditor.WindowsStandalone.Extensions.dll
Registered in 0.001126 seconds.
Native extension for WindowsStandalone target not found
Refreshing native plugins compatible for Editor in 75.71 ms, found 0 plugins.
Preloading 0 native plugins for Editor in 0.00 ms.
Invoked RoslynAnalysisRunner static constructor.
RoslynAnalysisRunner will not be running.
RoslynAnalysisRunner has terminated.
Mono: successfully reloaded assembly
- Completed reload, in  3.495 seconds
Platform modules already initialized, skipping
Registering precompiled user dll's ...
Registered in 0.002010 seconds.
Begin MonoManager ReloadAssembly
Native extension for WindowsStandalone target not found
Refreshing native plugins compatible for Editor in 73.61 ms, found 0 plugins.
Preloading 0 native plugins for Editor in 0.00 ms.
Invoked RoslynAnalysisRunner static constructor.
RoslynAnalysisRunner will not be running.
RoslynAnalysisRunner has terminated.
Mono: successfully reloaded assembly
- Completed reload, in  1.645 seconds
Platform modules already initialized, skipping
========================================================================
Worker process is ready to serve import requests
Shader 'Universal Render Pipeline/Particles/Lit': fallback shader 'Universal Render Pipeline/Particles/SimpleLit' not found
Launched and connected shader compiler UnityShaderCompiler.exe after 0.08 seconds
Refreshing native plugins compatible for Editor in 0.72 ms, found 0 plugins.
Preloading 0 native plugins for Editor in 0.00 ms.
Unloading 2706 Unused Serialized files (Serialized files now loaded: 0)
System memory in use before: 126.6 MB.
System memory in use after: 126.8 MB.

Unloading 12 unused Assets to reduce memory usage. Loaded Objects now: 3151.
Total: 3.060800 ms (FindLiveObjects: 0.295500 ms CreateObjectMapping: 0.176500 ms MarkObjects: 2.505300 ms  DeleteObjects: 0.082100 ms)

========================================================================
Received Import Request.
  path: Assets/Fonts/Aero.ttf
  artifactKey: Guid(c3cfc8b7edc3a450c8e6ff7080af7935) Importer(815301076,1909f56bfc062723c751e8b465ee728b)
Start importing Assets/Fonts/Aero.ttf using Guid(c3cfc8b7edc3a450c8e6ff7080af7935) Importer(815301076,1909f56bfc062723c751e8b465ee728b)  -> (artifact id: '15869354e4aa36d5d4ae2bc31b28fa71') in 0.582621 seconds
  Import took 0.616986 seconds .

========================================================================
Received Import Request.
  Time since last request: 0.748114 seconds.
  path: Assets/Images/Health Bar Classic/BackGround.png
  artifactKey: Guid(481ceca4f17f9c549a77e4fd4b455b43) Importer(815301076,1909f56bfc062723c751e8b465ee728b)
Start importing Assets/Images/Health Bar Classic/BackGround.png using Guid(481ceca4f17f9c549a77e4fd4b455b43) Importer(815301076,1909f56bfc062723c751e8b465ee728b)  -> (artifact id: 'befbdc960266b22d84d0956da13c4e32') in 0.094886 seconds
  Import took 0.143408 seconds .

========================================================================
Received Import Request.
  Time since last request: 0.703251 seconds.
  path: Assets/Images/Health Bar Classic/Filler.png
  artifactKey: Guid(0e99ec6985664430db823fc758aba989) Importer(815301076,1909f56bfc062723c751e8b465ee728b)
Start importing Assets/Images/Health Bar Classic/Filler.png using Guid(0e99ec6985664430db823fc758aba989) Importer(815301076,1909f56bfc062723c751e8b465ee728b)  -> (artifact id: '38257aea9e5b8e4354ad1f59e1db9d2b') in 0.020842 seconds
  Import took 0.066540 seconds .

========================================================================
Received Import Request.
  Time since last request: 1658.443919 seconds.
  path: Assets/Materials/UI
  artifactKey: Guid(428e6857311f4b443bdaa7406936093d) Importer(815301076,1909f56bfc062723c751e8b465ee728b)
Start importing Assets/Materials/UI using Guid(428e6857311f4b443bdaa7406936093d) Importer(815301076,1909f56bfc062723c751e8b465ee728b)  -> (artifact id: '19cf9901afb6aac2509fd872ac59785b') in 0.007729 seconds
  Import took 0.051733 seconds .

========================================================================
Received Import Request.
  Time since last request: 0.001144 seconds.
  path: Assets/Materials/UI
  artifactKey: Guid(428e6857311f4b443bdaa7406936093d) Importer(815301076,1909f56bfc062723c751e8b465ee728b)
Start importing Assets/Materials/UI using Guid(428e6857311f4b443bdaa7406936093d) Importer(815301076,1909f56bfc062723c751e8b465ee728b)  -> (artifact id: '19cf9901afb6aac2509fd872ac59785b') in 0.002444 seconds
  Import took 0.015047 seconds .

========================================================================
Received Import Request.
  Time since last request: 10.061670 seconds.
  path: Assets/Shaders/Shader_UI_DefaultHDR.shader
  artifactKey: Guid(8021807d2bf67de489d87ff61cddcf4e) Importer(815301076,1909f56bfc062723c751e8b465ee728b)
Start importing Assets/Shaders/Shader_UI_DefaultHDR.shader using Guid(8021807d2bf67de489d87ff61cddcf4e) Importer(815301076,1909f56bfc062723c751e8b465ee728b)  -> (artifact id: 'f7b504c3e5d961ffc01ed7a353cb05a6') in 0.017951 seconds
  Import took 0.054358 seconds .

========================================================================
Received Import Request.
  Time since last request: 0.804131 seconds.
  path: Assets/Shaders/Shader_UI_DefaultHDR.shader
  artifactKey: Guid(8021807d2bf67de489d87ff61cddcf4e) Importer(815301076,1909f56bfc062723c751e8b465ee728b)
Start importing Assets/Shaders/Shader_UI_DefaultHDR.shader using Guid(8021807d2bf67de489d87ff61cddcf4e) Importer(815301076,1909f56bfc062723c751e8b465ee728b)  -> (artifact id: 'f7b504c3e5d961ffc01ed7a353cb05a6') in 0.004114 seconds
  Import took 0.010825 seconds .

========================================================================
Received Prepare
Registering precompiled user dll's ...
Registered in 0.001245 seconds.
Begin MonoManager ReloadAssembly
Native extension for WindowsStandalone target not found
Refreshing native plugins compatible for Editor in 0.99 ms, found 0 plugins.
Preloading 0 native plugins for Editor in 0.00 ms.
Invoked RoslynAnalysisRunner static constructor.
RoslynAnalysisRunner will not be running.
RoslynAnalysisRunner has terminated.
Mono: successfully reloaded assembly
- Completed reload, in  1.378 seconds
Platform modules already initialized, skipping
Shader 'Universal Render Pipeline/Particles/Lit': fallback shader 'Universal Render Pipeline/Particles/SimpleLit' not found
Refreshing native plugins compatible for Editor in 0.87 ms, found 0 plugins.
Preloading 0 native plugins for Editor in 0.00 ms.
Unloading 2595 Unused Serialized files (Serialized files now loaded: 0)
System memory in use before: 127.3 MB.
System memory in use after: 127.6 MB.

Unloading 5 unused Assets to reduce memory usage. Loaded Objects now: 3239.
Total: 4.822000 ms (FindLiveObjects: 0.513500 ms CreateObjectMapping: 0.419500 ms MarkObjects: 3.843100 ms  DeleteObjects: 0.043500 ms)

========================================================================
Received Import Request.
  Time since last request: 329.476415 seconds.
  path: Assets/Scripts/SceneAndUI/UI
  artifactKey: Guid(612fe6e0cddb6624e968d459b1fe2ce8) Importer(815301076,1909f56bfc062723c751e8b465ee728b)
Start importing Assets/Scripts/SceneAndUI/UI using Guid(612fe6e0cddb6624e968d459b1fe2ce8) Importer(815301076,1909f56bfc062723c751e8b465ee728b)  -> (artifact id: 'bf3331ca0b7a5a74ce0f61d2bababd8c') in 0.009723 seconds
  Import took 0.018848 seconds .

========================================================================
Received Import Request.
  Time since last request: 4.958199 seconds.
  path: Assets/Scripts/SceneAndUI/UI/StatsBar.cs
  artifactKey: Guid(a1e44f951c365b845bf3d1562c51235b) Importer(815301076,1909f56bfc062723c751e8b465ee728b)
Start importing Assets/Scripts/SceneAndUI/UI/StatsBar.cs using Guid(a1e44f951c365b845bf3d1562c51235b) Importer(815301076,1909f56bfc062723c751e8b465ee728b)  -> (artifact id: 'a5c04065e77d1014713bbc3e3c594102') in 0.145821 seconds
  Import took 0.190421 seconds .

========================================================================
Received Prepare
Registering precompiled user dll's ...
Registered in 0.002076 seconds.
Begin MonoManager ReloadAssembly
Native extension for WindowsStandalone target not found
Refreshing native plugins compatible for Editor in 0.59 ms, found 0 plugins.
Preloading 0 native plugins for Editor in 0.00 ms.
Invoked RoslynAnalysisRunner static constructor.
RoslynAnalysisRunner will not be running.
RoslynAnalysisRunner has terminated.
Mono: successfully reloaded assembly
- Completed reload, in  1.412 seconds
Platform modules already initialized, skipping
Shader 'Universal Render Pipeline/Particles/Lit': fallback shader 'Universal Render Pipeline/Particles/SimpleLit' not found
Refreshing native plugins compatible for Editor in 0.76 ms, found 0 plugins.
Preloading 0 native plugins for Editor in 0.00 ms.
Unloading 2595 Unused Serialized files (Serialized files now loaded: 0)
System memory in use before: 127.4 MB.
System memory in use after: 127.6 MB.

Unloading 5 unused Assets to reduce memory usage. Loaded Objects now: 3241.
Total: 3.578600 ms (FindLiveObjects: 0.742900 ms CreateObjectMapping: 0.320300 ms MarkObjects: 2.460000 ms  DeleteObjects: 0.053200 ms)

========================================================================
Received Prepare
Registering precompiled user dll's ...
Registered in 0.001569 seconds.
Begin MonoManager ReloadAssembly
Native extension for WindowsStandalone target not found
Refreshing native plugins compatible for Editor in 0.50 ms, found 0 plugins.
Preloading 0 native plugins for Editor in 0.00 ms.
Invoked RoslynAnalysisRunner static constructor.
RoslynAnalysisRunner will not be running.
RoslynAnalysisRunner has terminated.
Mono: successfully reloaded assembly
- Completed reload, in  1.462 seconds
Platform modules already initialized, skipping
Shader 'Universal Render Pipeline/Particles/Lit': fallback shader 'Universal Render Pipeline/Particles/SimpleLit' not found
Refreshing native plugins compatible for Editor in 0.53 ms, found 0 plugins.
Preloading 0 native plugins for Editor in 0.00 ms.
Unloading 2595 Unused Serialized files (Serialized files now loaded: 0)
System memory in use before: 127.4 MB.
System memory in use after: 127.6 MB.

Unloading 5 unused Assets to reduce memory usage. Loaded Objects now: 3243.
Total: 4.442300 ms (FindLiveObjects: 0.506200 ms CreateObjectMapping: 0.211900 ms MarkObjects: 3.639900 ms  DeleteObjects: 0.082000 ms)

========================================================================
Received Import Request.
  Time since last request: 2145.772624 seconds.
  path: Assets/Scripts/SceneAndUI/UI/StatsBar.cs
  artifactKey: Guid(a1e44f951c365b845bf3d1562c51235b) Importer(815301076,1909f56bfc062723c751e8b465ee728b)
Start importing Assets/Scripts/SceneAndUI/UI/StatsBar.cs using Guid(a1e44f951c365b845bf3d1562c51235b) Importer(815301076,1909f56bfc062723c751e8b465ee728b)  -> (artifact id: '0d6ed3f919cc01cb28db5be0362d3468') in 0.010608 seconds
  Import took 0.059190 seconds .

========================================================================
Received Prepare
Registering precompiled user dll's ...
Registered in 0.001820 seconds.
Begin MonoManager ReloadAssembly
Native extension for WindowsStandalone target not found
Refreshing native plugins compatible for Editor in 0.84 ms, found 0 plugins.
Preloading 0 native plugins for Editor in 0.00 ms.
Invoked RoslynAnalysisRunner static constructor.
RoslynAnalysisRunner will not be running.
RoslynAnalysisRunner has terminated.
Mono: successfully reloaded assembly
- Completed reload, in  1.352 seconds
Platform modules already initialized, skipping
Shader 'Universal Render Pipeline/Particles/Lit': fallback shader 'Universal Render Pipeline/Particles/SimpleLit' not found
Refreshing native plugins compatible for Editor in 0.65 ms, found 0 plugins.
Preloading 0 native plugins for Editor in 0.00 ms.
Unloading 2595 Unused Serialized files (Serialized files now loaded: 0)
System memory in use before: 127.4 MB.
System memory in use after: 127.6 MB.

Unloading 5 unused Assets to reduce memory usage. Loaded Objects now: 3245.
Total: 5.367000 ms (FindLiveObjects: 0.634800 ms CreateObjectMapping: 0.406500 ms MarkObjects: 4.280800 ms  DeleteObjects: 0.042400 ms)

========================================================================
Received Import Request.
  Time since last request: 151.480141 seconds.
  path: Assets/Prefab/UI
  artifactKey: Guid(212318612f44a07429806834c55eb979) Importer(815301076,1909f56bfc062723c751e8b465ee728b)
Start importing Assets/Prefab/UI using Guid(212318612f44a07429806834c55eb979) Importer(815301076,1909f56bfc062723c751e8b465ee728b)  -> (artifact id: '79ad08259fae8a7ae8d2acd425df315d') in 0.013759 seconds
  Import took 0.048977 seconds .

========================================================================
Received Import Request.
  Time since last request: 0.012750 seconds.
  path: Assets/Prefab/UI
  artifactKey: Guid(212318612f44a07429806834c55eb979) Importer(815301076,1909f56bfc062723c751e8b465ee728b)
Start importing Assets/Prefab/UI using Guid(212318612f44a07429806834c55eb979) Importer(815301076,1909f56bfc062723c751e8b465ee728b)  -> (artifact id: '79ad08259fae8a7ae8d2acd425df315d') in 0.003430 seconds
  Import took 0.042012 seconds .

========================================================================
Received Import Request.
  Time since last request: 9.854908 seconds.
  path: Assets/Prefab/UI/UIHealthBarOnHead.prefab
  artifactKey: Guid(17ccf621078e1524bac74cfedef5f1cb) Importer(815301076,1909f56bfc062723c751e8b465ee728b)
Start importing Assets/Prefab/UI/UIHealthBarOnHead.prefab using Guid(17ccf621078e1524bac74cfedef5f1cb) Importer(815301076,1909f56bfc062723c751e8b465ee728b)  -> (artifact id: '908b0b3325653b4a3f6c61a82ec7aa11') in 0.233344 seconds
  Import took 0.296718 seconds .

========================================================================
Received Import Request.
  Time since last request: 11.259022 seconds.
  path: Assets/Prefab/UI/UIHealthBarOnHead 1.prefab
  artifactKey: Guid(fd83df5e1425cb6488ee166664d89f12) Importer(815301076,1909f56bfc062723c751e8b465ee728b)
Start importing Assets/Prefab/UI/UIHealthBarOnHead 1.prefab using Guid(fd83df5e1425cb6488ee166664d89f12) Importer(815301076,1909f56bfc062723c751e8b465ee728b)  -> (artifact id: 'b63afe1980eaddd0c34d50f787e36fbd') in 0.011706 seconds
  Import took 0.053135 seconds .

========================================================================
Received Import Request.
  Time since last request: 0.015771 seconds.
  path: Assets/Prefab/UI/UIHealthBarOnHead 1.prefab
  artifactKey: Guid(fd83df5e1425cb6488ee166664d89f12) Importer(815301076,1909f56bfc062723c751e8b465ee728b)
Start importing Assets/Prefab/UI/UIHealthBarOnHead 1.prefab using Guid(fd83df5e1425cb6488ee166664d89f12) Importer(815301076,1909f56bfc062723c751e8b465ee728b)  -> (artifact id: 'b63afe1980eaddd0c34d50f787e36fbd') in 0.023672 seconds
  Import took 0.031639 seconds .

========================================================================
Received Import Request.
  Time since last request: 10.171190 seconds.
  path: Assets/Prefab/UI/UIHealthBarOnHead_Player.prefab
  artifactKey: Guid(17ccf621078e1524bac74cfedef5f1cb) Importer(815301076,1909f56bfc062723c751e8b465ee728b)
Start importing Assets/Prefab/UI/UIHealthBarOnHead_Player.prefab using Guid(17ccf621078e1524bac74cfedef5f1cb) Importer(815301076,1909f56bfc062723c751e8b465ee728b)  -> (artifact id: '5cd9a93bd124cc5af0e66aee78df503f') in 0.010794 seconds
  Import took 0.065135 seconds .

========================================================================
Received Import Request.
  Time since last request: 6.745349 seconds.
  path: Assets/Prefab/UI/UIHealthBarOnHead_Enemy.prefab
  artifactKey: Guid(fd83df5e1425cb6488ee166664d89f12) Importer(815301076,1909f56bfc062723c751e8b465ee728b)
Start importing Assets/Prefab/UI/UIHealthBarOnHead_Enemy.prefab using Guid(fd83df5e1425cb6488ee166664d89f12) Importer(815301076,1909f56bfc062723c751e8b465ee728b)  -> (artifact id: '5c9fbf687ea6991f98b6a080e0c2c744') in 0.015489 seconds
  Import took 0.024518 seconds .

========================================================================
Received Import Request.
  Time since last request: 229.125095 seconds.
  path: Assets/Prefab/UI/UIHealthBarOnHead_Enemy.prefab
  artifactKey: Guid(fd83df5e1425cb6488ee166664d89f12) Importer(815301076,1909f56bfc062723c751e8b465ee728b)
Start importing Assets/Prefab/UI/UIHealthBarOnHead_Enemy.prefab using Guid(fd83df5e1425cb6488ee166664d89f12) Importer(815301076,1909f56bfc062723c751e8b465ee728b)  -> (artifact id: '2ed86be81ba8251650bf56c2327bf48b') in 0.005829 seconds
  Import took 0.047845 seconds .

========================================================================
Received Import Request.
  Time since last request: 0.427127 seconds.
  path: Assets/Prefab/UI/UIHealthBarOnHead_Enemy.prefab
  artifactKey: Guid(fd83df5e1425cb6488ee166664d89f12) Importer(815301076,1909f56bfc062723c751e8b465ee728b)
Start importing Assets/Prefab/UI/UIHealthBarOnHead_Enemy.prefab using Guid(fd83df5e1425cb6488ee166664d89f12) Importer(815301076,1909f56bfc062723c751e8b465ee728b)  -> (artifact id: '7997a828e8317491f86c9df6de55d2ca') in 0.008373 seconds
  Import took 0.015484 seconds .

========================================================================
Received Import Request.
  Time since last request: 9.295292 seconds.
  path: Assets/Prefab/UI/UIHealthBarOnHead_Enemy.prefab
  artifactKey: Guid(fd83df5e1425cb6488ee166664d89f12) Importer(815301076,1909f56bfc062723c751e8b465ee728b)
Start importing Assets/Prefab/UI/UIHealthBarOnHead_Enemy.prefab using Guid(fd83df5e1425cb6488ee166664d89f12) Importer(815301076,1909f56bfc062723c751e8b465ee728b)  -> (artifact id: '2868954cc126444998604b1cd3a1b0da') in 0.006648 seconds
  Import took 0.022323 seconds .

========================================================================
Received Import Request.
  Time since last request: 17.093567 seconds.
  path: Assets/Prefab/UI/UIHealthBarOnHead_Player.prefab
  artifactKey: Guid(17ccf621078e1524bac74cfedef5f1cb) Importer(815301076,1909f56bfc062723c751e8b465ee728b)
Start importing Assets/Prefab/UI/UIHealthBarOnHead_Player.prefab using Guid(17ccf621078e1524bac74cfedef5f1cb) Importer(815301076,1909f56bfc062723c751e8b465ee728b)  -> (artifact id: '8519f6e103fac6b9d21f173a6fd9a548') in 0.006695 seconds
  Import took 0.015730 seconds .

========================================================================
Received Import Request.
  Time since last request: 0.001750 seconds.
  path: Assets/Prefab/UI/UIHealthBarOnHead_Player.prefab
  artifactKey: Guid(17ccf621078e1524bac74cfedef5f1cb) Importer(815301076,1909f56bfc062723c751e8b465ee728b)
Start importing Assets/Prefab/UI/UIHealthBarOnHead_Player.prefab using Guid(17ccf621078e1524bac74cfedef5f1cb) Importer(815301076,1909f56bfc062723c751e8b465ee728b)  -> (artifact id: '8519f6e103fac6b9d21f173a6fd9a548') in 0.006316 seconds
  Import took 0.015105 seconds .

========================================================================
Received Import Request.
  Time since last request: 16.207189 seconds.
  path: Assets/Prefab/UI/UIHealthBarOnHead_Player.prefab
  artifactKey: Guid(17ccf621078e1524bac74cfedef5f1cb) Importer(815301076,1909f56bfc062723c751e8b465ee728b)
Start importing Assets/Prefab/UI/UIHealthBarOnHead_Player.prefab using Guid(17ccf621078e1524bac74cfedef5f1cb) Importer(815301076,1909f56bfc062723c751e8b465ee728b)  -> (artifact id: '682db1b3bfa4546b0c58b6c6a74c4877') in 0.006622 seconds
  Import took 0.056050 seconds .

========================================================================
Received Import Request.
  Time since last request: 615.511532 seconds.
  path: Assets/Prefab/Enemy/EnemyLv1.prefab
  artifactKey: Guid(a624a0e3000461e4286965f8a65aedb6) Importer(815301076,1909f56bfc062723c751e8b465ee728b)
Start importing Assets/Prefab/Enemy/EnemyLv1.prefab using Guid(a624a0e3000461e4286965f8a65aedb6) Importer(815301076,1909f56bfc062723c751e8b465ee728b)  -> (artifact id: '0bcfd345acc724cbc52b301e86aeca31') in 6.598278 seconds
  Import took 6.745110 seconds .

========================================================================
Received Import Request.
  Time since last request: 5.159979 seconds.
  path: Assets/Prefab/Enemy/EnemyProjectile/EnemyProjectile_8_clock.prefab
  artifactKey: Guid(a29a2d9d5f7969d45ac1401f3b9fb1bb) Importer(815301076,1909f56bfc062723c751e8b465ee728b)
Start importing Assets/Prefab/Enemy/EnemyProjectile/EnemyProjectile_8_clock.prefab using Guid(a29a2d9d5f7969d45ac1401f3b9fb1bb) Importer(815301076,1909f56bfc062723c751e8b465ee728b)  -> (artifact id: '685ba86ec43e1fb51b94092390887289') in 0.128392 seconds
  Import took 0.137098 seconds .

========================================================================
Received Import Request.
  Time since last request: 14.489392 seconds.
  path: Assets/Prefab/Enemy/EnemyProjectile/EnemyProjectile_aiming.prefab
  artifactKey: Guid(053e1914939e4f141860a5fcbf82c1b2) Importer(815301076,1909f56bfc062723c751e8b465ee728b)
Start importing Assets/Prefab/Enemy/EnemyProjectile/EnemyProjectile_aiming.prefab using Guid(053e1914939e4f141860a5fcbf82c1b2) Importer(815301076,1909f56bfc062723c751e8b465ee728b)  -> (artifact id: '9fbf88b481e5ba30b15501a847fe9513') in 0.059083 seconds
  Import took 0.108422 seconds .

========================================================================
Received Import Request.
  Time since last request: 4.861507 seconds.
  path: Assets/Prefab/Enemy/EnemyProjectile/EnemyProjectile_basic.prefab
  artifactKey: Guid(47d21302cf994a34089acbcdd5e837b4) Importer(815301076,1909f56bfc062723c751e8b465ee728b)
Start importing Assets/Prefab/Enemy/EnemyProjectile/EnemyProjectile_basic.prefab using Guid(47d21302cf994a34089acbcdd5e837b4) Importer(815301076,1909f56bfc062723c751e8b465ee728b)  -> (artifact id: '9e6963df697686743a507578f581b154') in 0.032545 seconds
  Import took 0.040337 seconds .

========================================================================
Received Import Request.
  Time since last request: 0.015678 seconds.
  path: Assets/Prefab/Enemy/EnemyProjectile/EnemyProjectile_basic.prefab
  artifactKey: Guid(47d21302cf994a34089acbcdd5e837b4) Importer(815301076,1909f56bfc062723c751e8b465ee728b)
Start importing Assets/Prefab/Enemy/EnemyProjectile/EnemyProjectile_basic.prefab using Guid(47d21302cf994a34089acbcdd5e837b4) Importer(815301076,1909f56bfc062723c751e8b465ee728b)  -> (artifact id: '9e6963df697686743a507578f581b154') in 0.017590 seconds
  Import took 0.027754 seconds .

========================================================================
Received Import Request.
  Time since last request: 5.401826 seconds.
  path: Assets/Prefab/Enemy/EnemyProjectile/EnemyProjectile_basic.prefab
  artifactKey: Guid(47d21302cf994a34089acbcdd5e837b4) Importer(815301076,1909f56bfc062723c751e8b465ee728b)
Start importing Assets/Prefab/Enemy/EnemyProjectile/EnemyProjectile_basic.prefab using Guid(47d21302cf994a34089acbcdd5e837b4) Importer(815301076,1909f56bfc062723c751e8b465ee728b)  -> (artifact id: '0b3e5f218396a13642d54a5fd9e61031') in 0.055881 seconds
  Import took 0.062817 seconds .

========================================================================
Received Import Request.
  Time since last request: 0.606735 seconds.
  path: Assets/Prefab/Enemy/EnemyProjectile/EnemyProjectile_aiming.prefab
  artifactKey: Guid(053e1914939e4f141860a5fcbf82c1b2) Importer(815301076,1909f56bfc062723c751e8b465ee728b)
Start importing Assets/Prefab/Enemy/EnemyProjectile/EnemyProjectile_aiming.prefab using Guid(053e1914939e4f141860a5fcbf82c1b2) Importer(815301076,1909f56bfc062723c751e8b465ee728b)  -> (artifact id: 'a7a8bf58dbc879d972ce870fa3d92671') in 0.015980 seconds
  Import took 0.057695 seconds .

========================================================================
Received Import Request.
  Time since last request: 0.002498 seconds.
  path: Assets/Prefab/Enemy/EnemyProjectile/EnemyProjectile_aiming.prefab
  artifactKey: Guid(053e1914939e4f141860a5fcbf82c1b2) Importer(815301076,1909f56bfc062723c751e8b465ee728b)
Start importing Assets/Prefab/Enemy/EnemyProjectile/EnemyProjectile_aiming.prefab using Guid(053e1914939e4f141860a5fcbf82c1b2) Importer(815301076,1909f56bfc062723c751e8b465ee728b)  -> (artifact id: 'a7a8bf58dbc879d972ce870fa3d92671') in 0.016813 seconds
  Import took 0.024588 seconds .

========================================================================
Received Import Request.
  Time since last request: 1.961414 seconds.
  path: Assets/Prefab/Enemy/EnemyProjectile/EnemyProjectile_10_clock.prefab
  artifactKey: Guid(f9399fa7b7d1da1439b47351d45457c2) Importer(815301076,1909f56bfc062723c751e8b465ee728b)
Start importing Assets/Prefab/Enemy/EnemyProjectile/EnemyProjectile_10_clock.prefab using Guid(f9399fa7b7d1da1439b47351d45457c2) Importer(815301076,1909f56bfc062723c751e8b465ee728b)  -> (artifact id: '44bb195262953657f694ae20fa690ce3') in 0.050067 seconds
  Import took 0.087194 seconds .

========================================================================
Received Import Request.
  Time since last request: 0.478436 seconds.
  path: Assets/Prefab/Enemy/EnemyProjectile/EnemyProjectile_9_clock.prefab
  artifactKey: Guid(7cbf95ced57d57846809456d23aaba7d) Importer(815301076,1909f56bfc062723c751e8b465ee728b)
Start importing Assets/Prefab/Enemy/EnemyProjectile/EnemyProjectile_9_clock.prefab using Guid(7cbf95ced57d57846809456d23aaba7d) Importer(815301076,1909f56bfc062723c751e8b465ee728b)  -> (artifact id: '60d38449c9beb629c71ce2715b75b453') in 0.056136 seconds
  Import took 0.156346 seconds .

========================================================================
Received Import Request.
  Time since last request: 9.296386 seconds.
  path: Assets/Prefab/Player/PlayerProjectileGroup/PlayerProjectile_down.prefab
  artifactKey: Guid(32dac944f610ad347ab03e9ecf2c85da) Importer(815301076,1909f56bfc062723c751e8b465ee728b)
Start importing Assets/Prefab/Player/PlayerProjectileGroup/PlayerProjectile_down.prefab using Guid(32dac944f610ad347ab03e9ecf2c85da) Importer(815301076,1909f56bfc062723c751e8b465ee728b)  -> (artifact id: '069c1d6be33119308a882123df9c4f7f') in 0.175217 seconds
  Import took 0.192459 seconds .

========================================================================
Received Import Request.
  Time since last request: 1.334159 seconds.
  path: Assets/Prefab/Player/PlayerProjectileGroup/PlayerProjectile_up.prefab
  artifactKey: Guid(4c0b17887e4c2e74f8bbb2ced689726d) Importer(815301076,1909f56bfc062723c751e8b465ee728b)
Start importing Assets/Prefab/Player/PlayerProjectileGroup/PlayerProjectile_up.prefab using Guid(4c0b17887e4c2e74f8bbb2ced689726d) Importer(815301076,1909f56bfc062723c751e8b465ee728b)  -> (artifact id: '9094216f7d6dce7589b26b2d370a975d') in 0.090739 seconds
  Import took 0.119316 seconds .

========================================================================
Received Prepare
Registering precompiled user dll's ...
Registered in 0.003242 seconds.
Begin MonoManager ReloadAssembly
Native extension for WindowsStandalone target not found
Refreshing native plugins compatible for Editor in 0.52 ms, found 0 plugins.
Preloading 0 native plugins for Editor in 0.00 ms.
Invoked RoslynAnalysisRunner static constructor.
RoslynAnalysisRunner will not be running.
RoslynAnalysisRunner has terminated.
Mono: successfully reloaded assembly
- Completed reload, in  1.488 seconds
Platform modules already initialized, skipping
Shader 'Universal Render Pipeline/Particles/Lit': fallback shader 'Universal Render Pipeline/Particles/SimpleLit' not found
Refreshing native plugins compatible for Editor in 0.73 ms, found 0 plugins.
Preloading 0 native plugins for Editor in 0.00 ms.
Unloading 2595 Unused Serialized files (Serialized files now loaded: 0)
System memory in use before: 127.8 MB.
System memory in use after: 128.0 MB.

Unloading 5 unused Assets to reduce memory usage. Loaded Objects now: 3286.
Total: 5.136900 ms (FindLiveObjects: 0.417700 ms CreateObjectMapping: 0.234700 ms MarkObjects: 4.455000 ms  DeleteObjects: 0.027300 ms)

========================================================================
Received Import Request.
  Time since last request: 93.648909 seconds.
  path: Assets/Prefab/UI/UIHealthBarOnHead_Enemy.prefab
  artifactKey: Guid(fd83df5e1425cb6488ee166664d89f12) Importer(815301076,1909f56bfc062723c751e8b465ee728b)
Start importing Assets/Prefab/UI/UIHealthBarOnHead_Enemy.prefab using Guid(fd83df5e1425cb6488ee166664d89f12) Importer(815301076,1909f56bfc062723c751e8b465ee728b)  -> (artifact id: '26419246083f2b1abf995b78acdf4fbf') in 0.086080 seconds
  Import took 0.125389 seconds .

========================================================================
Received Prepare
Registering precompiled user dll's ...
Registered in 0.001401 seconds.
Begin MonoManager ReloadAssembly
Native extension for WindowsStandalone target not found
Refreshing native plugins compatible for Editor in 0.55 ms, found 0 plugins.
Preloading 0 native plugins for Editor in 0.00 ms.
Invoked RoslynAnalysisRunner static constructor.
RoslynAnalysisRunner will not be running.
RoslynAnalysisRunner has terminated.
Mono: successfully reloaded assembly
- Completed reload, in  1.487 seconds
Platform modules already initialized, skipping
Shader 'Universal Render Pipeline/Particles/Lit': fallback shader 'Universal Render Pipeline/Particles/SimpleLit' not found
Refreshing native plugins compatible for Editor in 0.56 ms, found 0 plugins.
Preloading 0 native plugins for Editor in 0.00 ms.
Unloading 2595 Unused Serialized files (Serialized files now loaded: 0)
System memory in use before: 127.8 MB.
System memory in use after: 128.0 MB.

Unloading 5 unused Assets to reduce memory usage. Loaded Objects now: 3288.
Total: 3.028900 ms (FindLiveObjects: 0.318800 ms CreateObjectMapping: 0.150000 ms MarkObjects: 2.534000 ms  DeleteObjects: 0.024700 ms)

========================================================================
Received Prepare
Registering precompiled user dll's ...
Registered in 0.001303 seconds.
Begin MonoManager ReloadAssembly
Native extension for WindowsStandalone target not found
Refreshing native plugins compatible for Editor in 0.62 ms, found 0 plugins.
Preloading 0 native plugins for Editor in 0.00 ms.
Invoked RoslynAnalysisRunner static constructor.
RoslynAnalysisRunner will not be running.
RoslynAnalysisRunner has terminated.
Mono: successfully reloaded assembly
- Completed reload, in  1.353 seconds
Platform modules already initialized, skipping
Shader 'Universal Render Pipeline/Particles/Lit': fallback shader 'Universal Render Pipeline/Particles/SimpleLit' not found
Refreshing native plugins compatible for Editor in 0.58 ms, found 0 plugins.
Preloading 0 native plugins for Editor in 0.00 ms.
Unloading 2595 Unused Serialized files (Serialized files now loaded: 0)
System memory in use before: 127.8 MB.
System memory in use after: 128.0 MB.

Unloading 5 unused Assets to reduce memory usage. Loaded Objects now: 3290.
Total: 3.200000 ms (FindLiveObjects: 0.355200 ms CreateObjectMapping: 0.170900 ms MarkObjects: 2.640000 ms  DeleteObjects: 0.032400 ms)

========================================================================
Received Prepare
Registering precompiled user dll's ...
Registered in 0.003232 seconds.
Begin MonoManager ReloadAssembly
Native extension for WindowsStandalone target not found
Refreshing native plugins compatible for Editor in 0.66 ms, found 0 plugins.
Preloading 0 native plugins for Editor in 0.00 ms.
Invoked RoslynAnalysisRunner static constructor.
RoslynAnalysisRunner will not be running.
RoslynAnalysisRunner has terminated.
Mono: successfully reloaded assembly
- Completed reload, in  1.469 seconds
Platform modules already initialized, skipping
Shader 'Universal Render Pipeline/Particles/Lit': fallback shader 'Universal Render Pipeline/Particles/SimpleLit' not found
Refreshing native plugins compatible for Editor in 0.76 ms, found 0 plugins.
Preloading 0 native plugins for Editor in 0.00 ms.
Unloading 2595 Unused Serialized files (Serialized files now loaded: 0)
System memory in use before: 127.8 MB.
System memory in use after: 128.0 MB.

Unloading 5 unused Assets to reduce memory usage. Loaded Objects now: 3292.
Total: 3.628700 ms (FindLiveObjects: 0.388700 ms CreateObjectMapping: 0.226800 ms MarkObjects: 2.988600 ms  DeleteObjects: 0.023000 ms)

========================================================================
Received Prepare
Registering precompiled user dll's ...
Registered in 0.001247 seconds.
Begin MonoManager ReloadAssembly
Native extension for WindowsStandalone target not found
Refreshing native plugins compatible for Editor in 0.55 ms, found 0 plugins.
Preloading 0 native plugins for Editor in 0.00 ms.
Invoked RoslynAnalysisRunner static constructor.
RoslynAnalysisRunner will not be running.
RoslynAnalysisRunner has terminated.
Mono: successfully reloaded assembly
- Completed reload, in  1.362 seconds
Platform modules already initialized, skipping
Shader 'Universal Render Pipeline/Particles/Lit': fallback shader 'Universal Render Pipeline/Particles/SimpleLit' not found
Refreshing native plugins compatible for Editor in 0.86 ms, found 0 plugins.
Preloading 0 native plugins for Editor in 0.00 ms.
Unloading 2595 Unused Serialized files (Serialized files now loaded: 0)
System memory in use before: 127.8 MB.
System memory in use after: 128.0 MB.

Unloading 5 unused Assets to reduce memory usage. Loaded Objects now: 3294.
Total: 2.881900 ms (FindLiveObjects: 0.319200 ms CreateObjectMapping: 0.164100 ms MarkObjects: 2.373200 ms  DeleteObjects: 0.023000 ms)

========================================================================
Received Prepare
Registering precompiled user dll's ...
Registered in 0.001239 seconds.
Begin MonoManager ReloadAssembly
Native extension for WindowsStandalone target not found
Refreshing native plugins compatible for Editor in 2.35 ms, found 0 plugins.
Preloading 0 native plugins for Editor in 0.00 ms.
Invoked RoslynAnalysisRunner static constructor.
RoslynAnalysisRunner will not be running.
RoslynAnalysisRunner has terminated.
Mono: successfully reloaded assembly
- Completed reload, in  1.397 seconds
Platform modules already initialized, skipping
Shader 'Universal Render Pipeline/Particles/Lit': fallback shader 'Universal Render Pipeline/Particles/SimpleLit' not found
Refreshing native plugins compatible for Editor in 0.62 ms, found 0 plugins.
Preloading 0 native plugins for Editor in 0.00 ms.
Unloading 2595 Unused Serialized files (Serialized files now loaded: 0)
System memory in use before: 127.8 MB.
System memory in use after: 128.0 MB.

Unloading 5 unused Assets to reduce memory usage. Loaded Objects now: 3296.
Total: 3.689300 ms (FindLiveObjects: 0.552700 ms CreateObjectMapping: 0.209800 ms MarkObjects: 2.892200 ms  DeleteObjects: 0.033400 ms)

========================================================================
Received Import Request.
  Time since last request: 677.575521 seconds.
  path: Assets/Images/HUD/Stats Bars/Tech/Filler.png
  artifactKey: Guid(5ed76d09c52f34faba7d809d29020622) Importer(815301076,1909f56bfc062723c751e8b465ee728b)
Start importing Assets/Images/HUD/Stats Bars/Tech/Filler.png using Guid(5ed76d09c52f34faba7d809d29020622) Importer(815301076,1909f56bfc062723c751e8b465ee728b)  -> (artifact id: '8394ee967db994479d8f7d0046be46e1') in 0.416507 seconds
  Import took 0.424660 seconds .

========================================================================
Received Import Request.
  Time since last request: 1.866680 seconds.
  path: Assets/Images/HUD/Stats Bars/Tech/BackGround.png
  artifactKey: Guid(1eb45bd2a80224fb38bf7ec42a8de2a2) Importer(815301076,1909f56bfc062723c751e8b465ee728b)
Start importing Assets/Images/HUD/Stats Bars/Tech/BackGround.png using Guid(1eb45bd2a80224fb38bf7ec42a8de2a2) Importer(815301076,1909f56bfc062723c751e8b465ee728b)  -> (artifact id: 'c7baeb573a6204a6fb005c3bbf76bbc5') in 0.017819 seconds
  Import took 0.056751 seconds .

========================================================================
Received Import Request.
  Time since last request: 3.026506 seconds.
  path: Assets/Images/HUD/Stats Bars/Tech/Mask.png
  artifactKey: Guid(5adee1c66f1ad4a4fa4dbf425ca10feb) Importer(815301076,1909f56bfc062723c751e8b465ee728b)
Start importing Assets/Images/HUD/Stats Bars/Tech/Mask.png using Guid(5adee1c66f1ad4a4fa4dbf425ca10feb) Importer(815301076,1909f56bfc062723c751e8b465ee728b)  -> (artifact id: '2e110d4b411069f184d332d963ca3776') in 0.017898 seconds
  Import took 0.137818 seconds .

========================================================================
Received Prepare
Registering precompiled user dll's ...
Registered in 0.001477 seconds.
Begin MonoManager ReloadAssembly
Native extension for WindowsStandalone target not found
Refreshing native plugins compatible for Editor in 0.58 ms, found 0 plugins.
Preloading 0 native plugins for Editor in 0.00 ms.
Invoked RoslynAnalysisRunner static constructor.
RoslynAnalysisRunner will not be running.
RoslynAnalysisRunner has terminated.
Mono: successfully reloaded assembly
- Completed reload, in  1.501 seconds
Platform modules already initialized, skipping
Shader 'Universal Render Pipeline/Particles/Lit': fallback shader 'Universal Render Pipeline/Particles/SimpleLit' not found
Refreshing native plugins compatible for Editor in 0.72 ms, found 0 plugins.
Preloading 0 native plugins for Editor in 0.00 ms.
Unloading 2596 Unused Serialized files (Serialized files now loaded: 0)
System memory in use before: 127.8 MB.
System memory in use after: 128.1 MB.

Unloading 5 unused Assets to reduce memory usage. Loaded Objects now: 3300.
Total: 4.619900 ms (FindLiveObjects: 0.555300 ms CreateObjectMapping: 0.249700 ms MarkObjects: 3.761300 ms  DeleteObjects: 0.051500 ms)

========================================================================
Received Import Request.
  Time since last request: 976.764198 seconds.
  path: Assets/Scripts/SceneAndUI/UI/StatsBar_HUD.cs
  artifactKey: Guid(ec264543cd29bc641b1ebdedfc967029) Importer(815301076,1909f56bfc062723c751e8b465ee728b)
Start importing Assets/Scripts/SceneAndUI/UI/StatsBar_HUD.cs using Guid(ec264543cd29bc641b1ebdedfc967029) Importer(815301076,1909f56bfc062723c751e8b465ee728b)  -> (artifact id: 'bcd1965dbf0a9fa11fe3781582de56ea') in 0.014017 seconds
  Import took 0.053163 seconds .

========================================================================
Received Prepare
Registering precompiled user dll's ...
Registered in 0.002208 seconds.
Begin MonoManager ReloadAssembly
Native extension for WindowsStandalone target not found
Refreshing native plugins compatible for Editor in 0.49 ms, found 0 plugins.
Preloading 0 native plugins for Editor in 0.00 ms.
Invoked RoslynAnalysisRunner static constructor.
RoslynAnalysisRunner will not be running.
RoslynAnalysisRunner has terminated.
Mono: successfully reloaded assembly
- Completed reload, in  1.376 seconds
Platform modules already initialized, skipping
Shader 'Universal Render Pipeline/Particles/Lit': fallback shader 'Universal Render Pipeline/Particles/SimpleLit' not found
Refreshing native plugins compatible for Editor in 0.66 ms, found 0 plugins.
Preloading 0 native plugins for Editor in 0.00 ms.
Unloading 2596 Unused Serialized files (Serialized files now loaded: 0)
System memory in use before: 127.9 MB.
System memory in use after: 128.1 MB.

Unloading 5 unused Assets to reduce memory usage. Loaded Objects now: 3302.
Total: 3.681700 ms (FindLiveObjects: 0.460300 ms CreateObjectMapping: 0.263700 ms MarkObjects: 2.896200 ms  DeleteObjects: 0.059500 ms)

========================================================================
Received Prepare
Registering precompiled user dll's ...
Registered in 0.001393 seconds.
Begin MonoManager ReloadAssembly
Native extension for WindowsStandalone target not found
Refreshing native plugins compatible for Editor in 0.53 ms, found 0 plugins.
Preloading 0 native plugins for Editor in 0.00 ms.
Invoked RoslynAnalysisRunner static constructor.
RoslynAnalysisRunner will not be running.
RoslynAnalysisRunner has terminated.
Mono: successfully reloaded assembly
- Completed reload, in  1.550 seconds
Platform modules already initialized, skipping
Shader 'Universal Render Pipeline/Particles/Lit': fallback shader 'Universal Render Pipeline/Particles/SimpleLit' not found
Refreshing native plugins compatible for Editor in 0.52 ms, found 0 plugins.
Preloading 0 native plugins for Editor in 0.00 ms.
Unloading 2596 Unused Serialized files (Serialized files now loaded: 0)
System memory in use before: 127.9 MB.
System memory in use after: 128.1 MB.

Unloading 5 unused Assets to reduce memory usage. Loaded Objects now: 3304.
Total: 4.580400 ms (FindLiveObjects: 0.694000 ms CreateObjectMapping: 0.354800 ms MarkObjects: 3.498400 ms  DeleteObjects: 0.031000 ms)

========================================================================
Received Prepare
Registering precompiled user dll's ...
Registered in 0.001373 seconds.
Begin MonoManager ReloadAssembly
Native extension for WindowsStandalone target not found
Refreshing native plugins compatible for Editor in 1.58 ms, found 0 plugins.
Preloading 0 native plugins for Editor in 0.00 ms.
Invoked RoslynAnalysisRunner static constructor.
RoslynAnalysisRunner will not be running.
RoslynAnalysisRunner has terminated.
Mono: successfully reloaded assembly
- Completed reload, in  1.629 seconds
Platform modules already initialized, skipping
Shader 'Universal Render Pipeline/Particles/Lit': fallback shader 'Universal Render Pipeline/Particles/SimpleLit' not found
Refreshing native plugins compatible for Editor in 0.54 ms, found 0 plugins.
Preloading 0 native plugins for Editor in 0.00 ms.
Unloading 2596 Unused Serialized files (Serialized files now loaded: 0)
System memory in use before: 127.9 MB.
System memory in use after: 128.1 MB.

Unloading 5 unused Assets to reduce memory usage. Loaded Objects now: 3306.
Total: 4.572900 ms (FindLiveObjects: 0.662100 ms CreateObjectMapping: 0.298200 ms MarkObjects: 3.583500 ms  DeleteObjects: 0.026900 ms)

========================================================================
Received Prepare
Registering precompiled user dll's ...
Registered in 0.001227 seconds.
Begin MonoManager ReloadAssembly
Native extension for WindowsStandalone target not found
Refreshing native plugins compatible for Editor in 0.54 ms, found 0 plugins.
Preloading 0 native plugins for Editor in 0.00 ms.
Invoked RoslynAnalysisRunner static constructor.
RoslynAnalysisRunner will not be running.
RoslynAnalysisRunner has terminated.
Mono: successfully reloaded assembly
- Completed reload, in  1.331 seconds
Platform modules already initialized, skipping
Shader 'Universal Render Pipeline/Particles/Lit': fallback shader 'Universal Render Pipeline/Particles/SimpleLit' not found
Refreshing native plugins compatible for Editor in 0.77 ms, found 0 plugins.
Preloading 0 native plugins for Editor in 0.00 ms.
Unloading 2596 Unused Serialized files (Serialized files now loaded: 0)
System memory in use before: 127.9 MB.
System memory in use after: 128.1 MB.

Unloading 5 unused Assets to reduce memory usage. Loaded Objects now: 3308.
Total: 3.281100 ms (FindLiveObjects: 0.362800 ms CreateObjectMapping: 0.159800 ms MarkObjects: 2.737800 ms  DeleteObjects: 0.019000 ms)

========================================================================
Received Prepare
Registering precompiled user dll's ...
Registered in 0.001443 seconds.
Begin MonoManager ReloadAssembly
Native extension for WindowsStandalone target not found
Refreshing native plugins compatible for Editor in 0.60 ms, found 0 plugins.
Preloading 0 native plugins for Editor in 0.00 ms.
Invoked RoslynAnalysisRunner static constructor.
RoslynAnalysisRunner will not be running.
RoslynAnalysisRunner has terminated.
Mono: successfully reloaded assembly
- Completed reload, in  1.461 seconds
Platform modules already initialized, skipping
Shader 'Universal Render Pipeline/Particles/Lit': fallback shader 'Universal Render Pipeline/Particles/SimpleLit' not found
Refreshing native plugins compatible for Editor in 0.73 ms, found 0 plugins.
Preloading 0 native plugins for Editor in 0.00 ms.
Unloading 2596 Unused Serialized files (Serialized files now loaded: 0)
System memory in use before: 127.9 MB.
System memory in use after: 128.1 MB.

Unloading 5 unused Assets to reduce memory usage. Loaded Objects now: 3310.
Total: 4.606000 ms (FindLiveObjects: 0.455100 ms CreateObjectMapping: 0.183700 ms MarkObjects: 3.932900 ms  DeleteObjects: 0.031800 ms)

========================================================================
Received Prepare
Registering precompiled user dll's ...
Registered in 0.001771 seconds.
Begin MonoManager ReloadAssembly
Native extension for WindowsStandalone target not found
Refreshing native plugins compatible for Editor in 0.70 ms, found 0 plugins.
Preloading 0 native plugins for Editor in 0.00 ms.
Invoked RoslynAnalysisRunner static constructor.
RoslynAnalysisRunner will not be running.
RoslynAnalysisRunner has terminated.
Mono: successfully reloaded assembly
- Completed reload, in  1.505 seconds
Platform modules already initialized, skipping
Shader 'Universal Render Pipeline/Particles/Lit': fallback shader 'Universal Render Pipeline/Particles/SimpleLit' not found
Refreshing native plugins compatible for Editor in 0.65 ms, found 0 plugins.
Preloading 0 native plugins for Editor in 0.00 ms.
Unloading 2596 Unused Serialized files (Serialized files now loaded: 0)
System memory in use before: 127.9 MB.
System memory in use after: 128.1 MB.

Unloading 5 unused Assets to reduce memory usage. Loaded Objects now: 3312.
Total: 3.920500 ms (FindLiveObjects: 0.387500 ms CreateObjectMapping: 0.193100 ms MarkObjects: 3.296200 ms  DeleteObjects: 0.041600 ms)

========================================================================
Received Prepare
Registering precompiled user dll's ...
Registered in 0.002413 seconds.
Begin MonoManager ReloadAssembly
Native extension for WindowsStandalone target not found
Refreshing native plugins compatible for Editor in 0.51 ms, found 0 plugins.
Preloading 0 native plugins for Editor in 0.00 ms.
Invoked RoslynAnalysisRunner static constructor.
RoslynAnalysisRunner will not be running.
RoslynAnalysisRunner has terminated.
Mono: successfully reloaded assembly
- Completed reload, in  1.591 seconds
Platform modules already initialized, skipping
Shader 'Universal Render Pipeline/Particles/Lit': fallback shader 'Universal Render Pipeline/Particles/SimpleLit' not found
Refreshing native plugins compatible for Editor in 1.19 ms, found 0 plugins.
Preloading 0 native plugins for Editor in 0.00 ms.
Unloading 2597 Unused Serialized files (Serialized files now loaded: 0)
System memory in use before: 127.9 MB.
System memory in use after: 128.1 MB.

Unloading 5 unused Assets to reduce memory usage. Loaded Objects now: 3315.
Total: 5.775000 ms (FindLiveObjects: 0.824500 ms CreateObjectMapping: 1.374900 ms MarkObjects: 3.472300 ms  DeleteObjects: 0.098700 ms)

========================================================================
Received Import Request.
  Time since last request: 2164.318358 seconds.
  path: Assets/Scripts/SceneAndUI/UI/EnergyBar.cs
  artifactKey: Guid(ce26bf0bd5cd93b4fa14283e8ddeab09) Importer(815301076,1909f56bfc062723c751e8b465ee728b)
Start importing Assets/Scripts/SceneAndUI/UI/EnergyBar.cs using Guid(ce26bf0bd5cd93b4fa14283e8ddeab09) Importer(815301076,1909f56bfc062723c751e8b465ee728b)  -> (artifact id: 'ac6d8cfa71c0a4f6117634b7746fb115') in 0.016624 seconds
  Import took 0.068605 seconds .

========================================================================
Received Prepare
Registering precompiled user dll's ...
Registered in 0.001876 seconds.
Begin MonoManager ReloadAssembly
Native extension for WindowsStandalone target not found
Refreshing native plugins compatible for Editor in 1.00 ms, found 0 plugins.
Preloading 0 native plugins for Editor in 0.00 ms.
Invoked RoslynAnalysisRunner static constructor.
RoslynAnalysisRunner will not be running.
RoslynAnalysisRunner has terminated.
Mono: successfully reloaded assembly
- Completed reload, in  1.382 seconds
Platform modules already initialized, skipping
Shader 'Universal Render Pipeline/Particles/Lit': fallback shader 'Universal Render Pipeline/Particles/SimpleLit' not found
Refreshing native plugins compatible for Editor in 0.57 ms, found 0 plugins.
Preloading 0 native plugins for Editor in 0.00 ms.
Unloading 2597 Unused Serialized files (Serialized files now loaded: 0)
System memory in use before: 127.9 MB.
System memory in use after: 128.1 MB.

Unloading 5 unused Assets to reduce memory usage. Loaded Objects now: 3317.
Total: 2.952300 ms (FindLiveObjects: 0.324000 ms CreateObjectMapping: 0.113300 ms MarkObjects: 2.494900 ms  DeleteObjects: 0.018800 ms)

========================================================================
Received Prepare
Registering precompiled user dll's ...
Registered in 0.001304 seconds.
Begin MonoManager ReloadAssembly
Native extension for WindowsStandalone target not found
Refreshing native plugins compatible for Editor in 1.25 ms, found 0 plugins.
Preloading 0 native plugins for Editor in 0.00 ms.
Invoked RoslynAnalysisRunner static constructor.
RoslynAnalysisRunner will not be running.
RoslynAnalysisRunner has terminated.
Mono: successfully reloaded assembly
- Completed reload, in  1.784 seconds
Platform modules already initialized, skipping
Shader 'Universal Render Pipeline/Particles/Lit': fallback shader 'Universal Render Pipeline/Particles/SimpleLit' not found
Refreshing native plugins compatible for Editor in 0.74 ms, found 0 plugins.
Preloading 0 native plugins for Editor in 0.00 ms.
Unloading 2597 Unused Serialized files (Serialized files now loaded: 0)
System memory in use before: 127.9 MB.
System memory in use after: 128.1 MB.

Unloading 5 unused Assets to reduce memory usage. Loaded Objects now: 3319.
Total: 3.090600 ms (FindLiveObjects: 0.424200 ms CreateObjectMapping: 0.182800 ms MarkObjects: 2.447200 ms  DeleteObjects: 0.034500 ms)

========================================================================
Received Prepare
Registering precompiled user dll's ...
Registered in 0.001356 seconds.
Begin MonoManager ReloadAssembly
Native extension for WindowsStandalone target not found
Refreshing native plugins compatible for Editor in 0.50 ms, found 0 plugins.
Preloading 0 native plugins for Editor in 0.00 ms.
Invoked RoslynAnalysisRunner static constructor.
RoslynAnalysisRunner will not be running.
RoslynAnalysisRunner has terminated.
Mono: successfully reloaded assembly
- Completed reload, in  1.654 seconds
Platform modules already initialized, skipping
Shader 'Universal Render Pipeline/Particles/Lit': fallback shader 'Universal Render Pipeline/Particles/SimpleLit' not found
Refreshing native plugins compatible for Editor in 0.67 ms, found 0 plugins.
Preloading 0 native plugins for Editor in 0.00 ms.
Unloading 2597 Unused Serialized files (Serialized files now loaded: 0)
System memory in use before: 127.9 MB.
System memory in use after: 128.2 MB.

Unloading 5 unused Assets to reduce memory usage. Loaded Objects now: 3321.
Total: 3.280100 ms (FindLiveObjects: 0.425100 ms CreateObjectMapping: 0.170100 ms MarkObjects: 2.636900 ms  DeleteObjects: 0.046600 ms)

========================================================================
Received Import Request.
  Time since last request: 305.780264 seconds.
  path: Assets/Scripts/SceneAndUI/UI/EnergyBar.cs
  artifactKey: Guid(ce26bf0bd5cd93b4fa14283e8ddeab09) Importer(815301076,1909f56bfc062723c751e8b465ee728b)
Start importing Assets/Scripts/SceneAndUI/UI/EnergyBar.cs using Guid(ce26bf0bd5cd93b4fa14283e8ddeab09) Importer(815301076,1909f56bfc062723c751e8b465ee728b)  -> (artifact id: '0e172894f832ad2e3bfbae6f854a24b5') in 0.006124 seconds
  Import took 0.057077 seconds .

========================================================================
Received Prepare
Registering precompiled user dll's ...
Registered in 0.003323 seconds.
Begin MonoManager ReloadAssembly
Native extension for WindowsStandalone target not found
Refreshing native plugins compatible for Editor in 0.52 ms, found 0 plugins.
Preloading 0 native plugins for Editor in 0.00 ms.
Invoked RoslynAnalysisRunner static constructor.
RoslynAnalysisRunner will not be running.
RoslynAnalysisRunner has terminated.
Mono: successfully reloaded assembly
- Completed reload, in  2.909 seconds
Platform modules already initialized, skipping
Shader 'Universal Render Pipeline/Particles/Lit': fallback shader 'Universal Render Pipeline/Particles/SimpleLit' not found
Refreshing native plugins compatible for Editor in 1.48 ms, found 0 plugins.
Preloading 0 native plugins for Editor in 0.00 ms.
Unloading 2597 Unused Serialized files (Serialized files now loaded: 0)
System memory in use before: 127.9 MB.
System memory in use after: 128.2 MB.

Unloading 5 unused Assets to reduce memory usage. Loaded Objects now: 3323.
Total: 10.955900 ms (FindLiveObjects: 5.979300 ms CreateObjectMapping: 1.921000 ms MarkObjects: 3.024600 ms  DeleteObjects: 0.024000 ms)

========================================================================
Received Prepare
Registering precompiled user dll's ...
Registered in 0.001263 seconds.
Begin MonoManager ReloadAssembly
Native extension for WindowsStandalone target not found
Refreshing native plugins compatible for Editor in 0.65 ms, found 0 plugins.
Preloading 0 native plugins for Editor in 0.00 ms.
Invoked RoslynAnalysisRunner static constructor.
RoslynAnalysisRunner will not be running.
RoslynAnalysisRunner has terminated.
Mono: successfully reloaded assembly
- Completed reload, in  1.374 seconds
Platform modules already initialized, skipping
Shader 'Universal Render Pipeline/Particles/Lit': fallback shader 'Universal Render Pipeline/Particles/SimpleLit' not found
Refreshing native plugins compatible for Editor in 0.62 ms, found 0 plugins.
Preloading 0 native plugins for Editor in 0.00 ms.
Unloading 2598 Unused Serialized files (Serialized files now loaded: 0)
System memory in use before: 128.0 MB.
System memory in use after: 128.2 MB.

Unloading 5 unused Assets to reduce memory usage. Loaded Objects now: 3326.
Total: 5.863000 ms (FindLiveObjects: 1.653800 ms CreateObjectMapping: 0.430500 ms MarkObjects: 3.678800 ms  DeleteObjects: 0.034400 ms)

========================================================================
Received Import Request.
  Time since last request: 491.032301 seconds.
  path: Assets/Scripts/CharacterControl/PlayerEnergy.cs
  artifactKey: Guid(88e7b4fff8344aa499bb8cb4e6bba1ba) Importer(815301076,1909f56bfc062723c751e8b465ee728b)
Start importing Assets/Scripts/CharacterControl/PlayerEnergy.cs using Guid(88e7b4fff8344aa499bb8cb4e6bba1ba) Importer(815301076,1909f56bfc062723c751e8b465ee728b)  -> (artifact id: 'f5c0a0ad6c656ea68d5ef152488e5203') in 0.014273 seconds
  Import took 0.022113 seconds .

========================================================================
Received Prepare
Registering precompiled user dll's ...
Registered in 0.001746 seconds.
Begin MonoManager ReloadAssembly
Native extension for WindowsStandalone target not found
Refreshing native plugins compatible for Editor in 0.76 ms, found 0 plugins.
Preloading 0 native plugins for Editor in 0.00 ms.
Invoked RoslynAnalysisRunner static constructor.
RoslynAnalysisRunner will not be running.
RoslynAnalysisRunner has terminated.
Mono: successfully reloaded assembly
- Completed reload, in  1.331 seconds
Platform modules already initialized, skipping
Shader 'Universal Render Pipeline/Particles/Lit': fallback shader 'Universal Render Pipeline/Particles/SimpleLit' not found
Refreshing native plugins compatible for Editor in 0.79 ms, found 0 plugins.
Preloading 0 native plugins for Editor in 0.00 ms.
Unloading 2598 Unused Serialized files (Serialized files now loaded: 0)
System memory in use before: 128.0 MB.
System memory in use after: 128.2 MB.

Unloading 5 unused Assets to reduce memory usage. Loaded Objects now: 3328.
Total: 35.283200 ms (FindLiveObjects: 0.343300 ms CreateObjectMapping: 0.163600 ms MarkObjects: 2.426900 ms  DeleteObjects: 32.348100 ms)

========================================================================
Received Prepare
Registering precompiled user dll's ...
Registered in 0.002136 seconds.
Begin MonoManager ReloadAssembly
Native extension for WindowsStandalone target not found
Refreshing native plugins compatible for Editor in 0.59 ms, found 0 plugins.
Preloading 0 native plugins for Editor in 0.00 ms.
Invoked RoslynAnalysisRunner static constructor.
RoslynAnalysisRunner will not be running.
RoslynAnalysisRunner has terminated.
Mono: successfully reloaded assembly
- Completed reload, in  1.405 seconds
Platform modules already initialized, skipping
Shader 'Universal Render Pipeline/Particles/Lit': fallback shader 'Universal Render Pipeline/Particles/SimpleLit' not found
Refreshing native plugins compatible for Editor in 0.63 ms, found 0 plugins.
Preloading 0 native plugins for Editor in 0.00 ms.
Unloading 2598 Unused Serialized files (Serialized files now loaded: 0)
System memory in use before: 128.0 MB.
System memory in use after: 128.2 MB.

Unloading 5 unused Assets to reduce memory usage. Loaded Objects now: 3330.
Total: 5.684300 ms (FindLiveObjects: 0.994600 ms CreateObjectMapping: 0.481200 ms MarkObjects: 4.158800 ms  DeleteObjects: 0.046600 ms)

========================================================================
Received Prepare
Registering precompiled user dll's ...
Registered in 0.003424 seconds.
Begin MonoManager ReloadAssembly
Native extension for WindowsStandalone target not found
Refreshing native plugins compatible for Editor in 0.79 ms, found 0 plugins.
Preloading 0 native plugins for Editor in 0.00 ms.
Invoked RoslynAnalysisRunner static constructor.
RoslynAnalysisRunner will not be running.
RoslynAnalysisRunner has terminated.
Mono: successfully reloaded assembly
- Completed reload, in  1.317 seconds
Platform modules already initialized, skipping
Shader 'Universal Render Pipeline/Particles/Lit': fallback shader 'Universal Render Pipeline/Particles/SimpleLit' not found
Refreshing native plugins compatible for Editor in 0.60 ms, found 0 plugins.
Preloading 0 native plugins for Editor in 0.00 ms.
Unloading 2598 Unused Serialized files (Serialized files now loaded: 0)
System memory in use before: 128.0 MB.
System memory in use after: 128.2 MB.

Unloading 5 unused Assets to reduce memory usage. Loaded Objects now: 3332.
Total: 3.726400 ms (FindLiveObjects: 0.582000 ms CreateObjectMapping: 0.266800 ms MarkObjects: 2.829900 ms  DeleteObjects: 0.045100 ms)

========================================================================
Received Prepare
Registering precompiled user dll's ...
Registered in 0.001350 seconds.
Begin MonoManager ReloadAssembly
Native extension for WindowsStandalone target not found
Refreshing native plugins compatible for Editor in 0.48 ms, found 0 plugins.
Preloading 0 native plugins for Editor in 0.00 ms.
Invoked RoslynAnalysisRunner static constructor.
RoslynAnalysisRunner will not be running.
RoslynAnalysisRunner has terminated.
Mono: successfully reloaded assembly
- Completed reload, in  1.339 seconds
Platform modules already initialized, skipping
Shader 'Universal Render Pipeline/Particles/Lit': fallback shader 'Universal Render Pipeline/Particles/SimpleLit' not found
Refreshing native plugins compatible for Editor in 1.28 ms, found 0 plugins.
Preloading 0 native plugins for Editor in 0.00 ms.
Unloading 2598 Unused Serialized files (Serialized files now loaded: 0)
System memory in use before: 128.0 MB.
System memory in use after: 128.2 MB.

Unloading 5 unused Assets to reduce memory usage. Loaded Objects now: 3334.
Total: 3.263000 ms (FindLiveObjects: 0.348400 ms CreateObjectMapping: 0.170400 ms MarkObjects: 2.704300 ms  DeleteObjects: 0.032700 ms)

========================================================================
Received Prepare
Registering precompiled user dll's ...
Registered in 0.004293 seconds.
Begin MonoManager ReloadAssembly
Native extension for WindowsStandalone target not found
Refreshing native plugins compatible for Editor in 2.28 ms, found 0 plugins.
Preloading 0 native plugins for Editor in 0.00 ms.
Invoked RoslynAnalysisRunner static constructor.
RoslynAnalysisRunner will not be running.
RoslynAnalysisRunner has terminated.
Mono: successfully reloaded assembly
- Completed reload, in  2.920 seconds
Platform modules already initialized, skipping
Shader 'Universal Render Pipeline/Particles/Lit': fallback shader 'Universal Render Pipeline/Particles/SimpleLit' not found
Refreshing native plugins compatible for Editor in 1.44 ms, found 0 plugins.
Preloading 0 native plugins for Editor in 0.00 ms.
Unloading 2598 Unused Serialized files (Serialized files now loaded: 0)
System memory in use before: 128.0 MB.
System memory in use after: 128.2 MB.

Unloading 5 unused Assets to reduce memory usage. Loaded Objects now: 3336.
Total: 12.773200 ms (FindLiveObjects: 2.108500 ms CreateObjectMapping: 0.448500 ms MarkObjects: 10.152900 ms  DeleteObjects: 0.043500 ms)

========================================================================
Received Prepare
Registering precompiled user dll's ...
Registered in 0.001353 seconds.
Begin MonoManager ReloadAssembly
Native extension for WindowsStandalone target not found
Refreshing native plugins compatible for Editor in 0.46 ms, found 0 plugins.
Preloading 0 native plugins for Editor in 0.00 ms.
Invoked RoslynAnalysisRunner static constructor.
RoslynAnalysisRunner will not be running.
RoslynAnalysisRunner has terminated.
Mono: successfully reloaded assembly
- Completed reload, in  1.322 seconds
Platform modules already initialized, skipping
Shader 'Universal Render Pipeline/Particles/Lit': fallback shader 'Universal Render Pipeline/Particles/SimpleLit' not found
Refreshing native plugins compatible for Editor in 0.68 ms, found 0 plugins.
Preloading 0 native plugins for Editor in 0.00 ms.
Unloading 2598 Unused Serialized files (Serialized files now loaded: 0)
System memory in use before: 128.0 MB.
System memory in use after: 128.2 MB.

Unloading 5 unused Assets to reduce memory usage. Loaded Objects now: 3338.
Total: 3.667900 ms (FindLiveObjects: 0.349200 ms CreateObjectMapping: 0.171700 ms MarkObjects: 3.122500 ms  DeleteObjects: 0.022700 ms)

========================================================================
Received Prepare
Registering precompiled user dll's ...
Registered in 0.001615 seconds.
Begin MonoManager ReloadAssembly
Native extension for WindowsStandalone target not found
Refreshing native plugins compatible for Editor in 0.48 ms, found 0 plugins.
Preloading 0 native plugins for Editor in 0.00 ms.
Invoked RoslynAnalysisRunner static constructor.
RoslynAnalysisRunner will not be running.
RoslynAnalysisRunner has terminated.
Mono: successfully reloaded assembly
- Completed reload, in  1.338 seconds
Platform modules already initialized, skipping
Shader 'Universal Render Pipeline/Particles/Lit': fallback shader 'Universal Render Pipeline/Particles/SimpleLit' not found
Refreshing native plugins compatible for Editor in 0.53 ms, found 0 plugins.
Preloading 0 native plugins for Editor in 0.00 ms.
Unloading 2598 Unused Serialized files (Serialized files now loaded: 0)
System memory in use before: 128.0 MB.
System memory in use after: 128.2 MB.

Unloading 5 unused Assets to reduce memory usage. Loaded Objects now: 3340.
Total: 5.589100 ms (FindLiveObjects: 0.365600 ms CreateObjectMapping: 0.283000 ms MarkObjects: 4.906700 ms  DeleteObjects: 0.032100 ms)

========================================================================
Received Prepare
Registering precompiled user dll's ...
Registered in 0.002391 seconds.
Begin MonoManager ReloadAssembly
Native extension for WindowsStandalone target not found
Refreshing native plugins compatible for Editor in 0.95 ms, found 0 plugins.
Preloading 0 native plugins for Editor in 0.00 ms.
Invoked RoslynAnalysisRunner static constructor.
RoslynAnalysisRunner will not be running.
RoslynAnalysisRunner has terminated.
Mono: successfully reloaded assembly
- Completed reload, in  1.430 seconds
Platform modules already initialized, skipping
Shader 'Universal Render Pipeline/Particles/Lit': fallback shader 'Universal Render Pipeline/Particles/SimpleLit' not found
Refreshing native plugins compatible for Editor in 0.63 ms, found 0 plugins.
Preloading 0 native plugins for Editor in 0.00 ms.
Unloading 2598 Unused Serialized files (Serialized files now loaded: 0)
System memory in use before: 128.0 MB.
System memory in use after: 128.2 MB.

Unloading 5 unused Assets to reduce memory usage. Loaded Objects now: 3342.
Total: 3.194100 ms (FindLiveObjects: 0.407600 ms CreateObjectMapping: 0.160700 ms MarkObjects: 2.555700 ms  DeleteObjects: 0.052100 ms)

========================================================================
Received Prepare
Registering precompiled user dll's ...
Registered in 0.001625 seconds.
Begin MonoManager ReloadAssembly
Native extension for WindowsStandalone target not found
Refreshing native plugins compatible for Editor in 0.52 ms, found 0 plugins.
Preloading 0 native plugins for Editor in 0.00 ms.
Invoked RoslynAnalysisRunner static constructor.
RoslynAnalysisRunner will not be running.
RoslynAnalysisRunner has terminated.
Mono: successfully reloaded assembly
- Completed reload, in  1.406 seconds
Platform modules already initialized, skipping
Shader 'Universal Render Pipeline/Particles/Lit': fallback shader 'Universal Render Pipeline/Particles/SimpleLit' not found
Refreshing native plugins compatible for Editor in 0.52 ms, found 0 plugins.
Preloading 0 native plugins for Editor in 0.00 ms.
Unloading 2598 Unused Serialized files (Serialized files now loaded: 0)
System memory in use before: 128.0 MB.
System memory in use after: 128.2 MB.

Unloading 5 unused Assets to reduce memory usage. Loaded Objects now: 3344.
Total: 4.242400 ms (FindLiveObjects: 1.067400 ms CreateObjectMapping: 0.287400 ms MarkObjects: 2.849600 ms  DeleteObjects: 0.036400 ms)

========================================================================
Received Prepare
Registering precompiled user dll's ...
Registered in 0.001617 seconds.
Begin MonoManager ReloadAssembly
Native extension for WindowsStandalone target not found
Refreshing native plugins compatible for Editor in 0.67 ms, found 0 plugins.
Preloading 0 native plugins for Editor in 0.00 ms.
Invoked RoslynAnalysisRunner static constructor.
RoslynAnalysisRunner will not be running.
RoslynAnalysisRunner has terminated.
Mono: successfully reloaded assembly
- Completed reload, in  1.283 seconds
Platform modules already initialized, skipping
Shader 'Universal Render Pipeline/Particles/Lit': fallback shader 'Universal Render Pipeline/Particles/SimpleLit' not found
Refreshing native plugins compatible for Editor in 0.47 ms, found 0 plugins.
Preloading 0 native plugins for Editor in 0.00 ms.
Unloading 2598 Unused Serialized files (Serialized files now loaded: 0)
System memory in use before: 128.0 MB.
System memory in use after: 128.2 MB.

Unloading 5 unused Assets to reduce memory usage. Loaded Objects now: 3346.
Total: 3.555400 ms (FindLiveObjects: 0.636200 ms CreateObjectMapping: 0.372000 ms MarkObjects: 2.523700 ms  DeleteObjects: 0.021200 ms)

========================================================================
Received Prepare
Registering precompiled user dll's ...
Registered in 0.001304 seconds.
Begin MonoManager ReloadAssembly
Native extension for WindowsStandalone target not found
Refreshing native plugins compatible for Editor in 0.78 ms, found 0 plugins.
Preloading 0 native plugins for Editor in 0.00 ms.
Invoked RoslynAnalysisRunner static constructor.
RoslynAnalysisRunner will not be running.
RoslynAnalysisRunner has terminated.
Mono: successfully reloaded assembly
- Completed reload, in  1.277 seconds
Platform modules already initialized, skipping
Shader 'Universal Render Pipeline/Particles/Lit': fallback shader 'Universal Render Pipeline/Particles/SimpleLit' not found
Refreshing native plugins compatible for Editor in 1.08 ms, found 0 plugins.
Preloading 0 native plugins for Editor in 0.00 ms.
Unloading 2598 Unused Serialized files (Serialized files now loaded: 0)
System memory in use before: 128.0 MB.
System memory in use after: 128.2 MB.

Unloading 5 unused Assets to reduce memory usage. Loaded Objects now: 3348.
Total: 9.222800 ms (FindLiveObjects: 0.361700 ms CreateObjectMapping: 0.163100 ms MarkObjects: 8.659800 ms  DeleteObjects: 0.035900 ms)

========================================================================
Received Prepare
Registering precompiled user dll's ...
Registered in 0.001222 seconds.
Begin MonoManager ReloadAssembly
Native extension for WindowsStandalone target not found
Refreshing native plugins compatible for Editor in 0.65 ms, found 0 plugins.
Preloading 0 native plugins for Editor in 0.00 ms.
Invoked RoslynAnalysisRunner static constructor.
RoslynAnalysisRunner will not be running.
RoslynAnalysisRunner has terminated.
Mono: successfully reloaded assembly
- Completed reload, in  1.317 seconds
Platform modules already initialized, skipping
Shader 'Universal Render Pipeline/Particles/Lit': fallback shader 'Universal Render Pipeline/Particles/SimpleLit' not found
Refreshing native plugins compatible for Editor in 0.93 ms, found 0 plugins.
Preloading 0 native plugins for Editor in 0.00 ms.
Unloading 2598 Unused Serialized files (Serialized files now loaded: 0)
System memory in use before: 128.0 MB.
System memory in use after: 128.3 MB.

Unloading 5 unused Assets to reduce memory usage. Loaded Objects now: 3350.
Total: 3.478900 ms (FindLiveObjects: 0.373600 ms CreateObjectMapping: 0.174900 ms MarkObjects: 2.901300 ms  DeleteObjects: 0.027600 ms)

========================================================================
Received Prepare
Registering precompiled user dll's ...
Registered in 0.001645 seconds.
Begin MonoManager ReloadAssembly
Native extension for WindowsStandalone target not found
Refreshing native plugins compatible for Editor in 2.04 ms, found 0 plugins.
Preloading 0 native plugins for Editor in 0.00 ms.
Invoked RoslynAnalysisRunner static constructor.
RoslynAnalysisRunner will not be running.
RoslynAnalysisRunner has terminated.
Mono: successfully reloaded assembly
- Completed reload, in  2.758 seconds
Platform modules already initialized, skipping
Shader 'Universal Render Pipeline/Particles/Lit': fallback shader 'Universal Render Pipeline/Particles/SimpleLit' not found
Refreshing native plugins compatible for Editor in 0.68 ms, found 0 plugins.
Preloading 0 native plugins for Editor in 0.00 ms.
Unloading 2598 Unused Serialized files (Serialized files now loaded: 0)
System memory in use before: 128.0 MB.
System memory in use after: 128.3 MB.

Unloading 5 unused Assets to reduce memory usage. Loaded Objects now: 3352.
Total: 8.737400 ms (FindLiveObjects: 0.707100 ms CreateObjectMapping: 0.406900 ms MarkObjects: 7.584300 ms  DeleteObjects: 0.035400 ms)

========================================================================
Received Prepare
Registering precompiled user dll's ...
Registered in 0.002114 seconds.
Begin MonoManager ReloadAssembly
Native extension for WindowsStandalone target not found
Refreshing native plugins compatible for Editor in 0.48 ms, found 0 plugins.
Preloading 0 native plugins for Editor in 0.00 ms.
Invoked RoslynAnalysisRunner static constructor.
RoslynAnalysisRunner will not be running.
RoslynAnalysisRunner has terminated.
Mono: successfully reloaded assembly
- Completed reload, in  1.305 seconds
Platform modules already initialized, skipping
Shader 'Universal Render Pipeline/Particles/Lit': fallback shader 'Universal Render Pipeline/Particles/SimpleLit' not found
Refreshing native plugins compatible for Editor in 0.49 ms, found 0 plugins.
Preloading 0 native plugins for Editor in 0.00 ms.
Unloading 2598 Unused Serialized files (Serialized files now loaded: 0)
System memory in use before: 128.0 MB.
System memory in use after: 128.3 MB.

Unloading 5 unused Assets to reduce memory usage. Loaded Objects now: 3354.
Total: 3.357500 ms (FindLiveObjects: 0.490700 ms CreateObjectMapping: 0.359700 ms MarkObjects: 2.480600 ms  DeleteObjects: 0.024300 ms)

========================================================================
Received Prepare
Registering precompiled user dll's ...
Registered in 0.001736 seconds.
Begin MonoManager ReloadAssembly
Native extension for WindowsStandalone target not found
Refreshing native plugins compatible for Editor in 0.46 ms, found 0 plugins.
Preloading 0 native plugins for Editor in 0.00 ms.
Invoked RoslynAnalysisRunner static constructor.
RoslynAnalysisRunner will not be running.
RoslynAnalysisRunner has terminated.
Mono: successfully reloaded assembly
- Completed reload, in  1.317 seconds
Platform modules already initialized, skipping
Shader 'Universal Render Pipeline/Particles/Lit': fallback shader 'Universal Render Pipeline/Particles/SimpleLit' not found
Refreshing native plugins compatible for Editor in 0.79 ms, found 0 plugins.
Preloading 0 native plugins for Editor in 0.00 ms.
Unloading 2598 Unused Serialized files (Serialized files now loaded: 0)
System memory in use before: 128.0 MB.
System memory in use after: 128.3 MB.

Unloading 5 unused Assets to reduce memory usage. Loaded Objects now: 3356.
Total: 4.049900 ms (FindLiveObjects: 0.423200 ms CreateObjectMapping: 0.177700 ms MarkObjects: 3.339500 ms  DeleteObjects: 0.107400 ms)

========================================================================
Received Prepare
Registering precompiled user dll's ...
Registered in 0.005319 seconds.
Begin MonoManager ReloadAssembly
Native extension for WindowsStandalone target not found
Refreshing native plugins compatible for Editor in 0.89 ms, found 0 plugins.
Preloading 0 native plugins for Editor in 0.00 ms.
Invoked RoslynAnalysisRunner static constructor.
RoslynAnalysisRunner will not be running.
RoslynAnalysisRunner has terminated.
Mono: successfully reloaded assembly
- Completed reload, in  1.442 seconds
Platform modules already initialized, skipping
Shader 'Universal Render Pipeline/Particles/Lit': fallback shader 'Universal Render Pipeline/Particles/SimpleLit' not found
Refreshing native plugins compatible for Editor in 0.66 ms, found 0 plugins.
Preloading 0 native plugins for Editor in 0.00 ms.
Unloading 2598 Unused Serialized files (Serialized files now loaded: 0)
System memory in use before: 128.1 MB.
System memory in use after: 128.3 MB.

Unloading 5 unused Assets to reduce memory usage. Loaded Objects now: 3358.
Total: 3.709500 ms (FindLiveObjects: 0.348400 ms CreateObjectMapping: 0.160100 ms MarkObjects: 3.177800 ms  DeleteObjects: 0.022100 ms)

========================================================================
Received Prepare
Registering precompiled user dll's ...
Registered in 0.001845 seconds.
Begin MonoManager ReloadAssembly
Native extension for WindowsStandalone target not found
Refreshing native plugins compatible for Editor in 0.83 ms, found 0 plugins.
Preloading 0 native plugins for Editor in 0.00 ms.
Invoked RoslynAnalysisRunner static constructor.
RoslynAnalysisRunner will not be running.
RoslynAnalysisRunner has terminated.
Mono: successfully reloaded assembly
- Completed reload, in  1.438 seconds
Platform modules already initialized, skipping
Shader 'Universal Render Pipeline/Particles/Lit': fallback shader 'Universal Render Pipeline/Particles/SimpleLit' not found
Refreshing native plugins compatible for Editor in 0.53 ms, found 0 plugins.
Preloading 0 native plugins for Editor in 0.00 ms.
Unloading 2598 Unused Serialized files (Serialized files now loaded: 0)
System memory in use before: 128.1 MB.
System memory in use after: 128.3 MB.

Unloading 5 unused Assets to reduce memory usage. Loaded Objects now: 3360.
Total: 5.867800 ms (FindLiveObjects: 1.602000 ms CreateObjectMapping: 0.395000 ms MarkObjects: 3.841400 ms  DeleteObjects: 0.027100 ms)

========================================================================
Received Prepare
Registering precompiled user dll's ...
Registered in 0.001576 seconds.
Begin MonoManager ReloadAssembly
Native extension for WindowsStandalone target not found
Refreshing native plugins compatible for Editor in 0.47 ms, found 0 plugins.
Preloading 0 native plugins for Editor in 0.00 ms.
Invoked RoslynAnalysisRunner static constructor.
RoslynAnalysisRunner will not be running.
RoslynAnalysisRunner has terminated.
Mono: successfully reloaded assembly
- Completed reload, in  1.475 seconds
Platform modules already initialized, skipping
Shader 'Universal Render Pipeline/Particles/Lit': fallback shader 'Universal Render Pipeline/Particles/SimpleLit' not found
Refreshing native plugins compatible for Editor in 1.03 ms, found 0 plugins.
Preloading 0 native plugins for Editor in 0.00 ms.
Unloading 2599 Unused Serialized files (Serialized files now loaded: 0)
System memory in use before: 128.1 MB.
System memory in use after: 128.3 MB.

Unloading 5 unused Assets to reduce memory usage. Loaded Objects now: 3363.
Total: 3.205000 ms (FindLiveObjects: 0.428900 ms CreateObjectMapping: 0.176100 ms MarkObjects: 2.563300 ms  DeleteObjects: 0.034800 ms)

========================================================================
Received Import Request.
  Time since last request: 3760.848516 seconds.
  path: Assets/Scripts/CharacterControl/EnemyManager.cs
  artifactKey: Guid(42468b8fa49b5394696ae1d2285515ac) Importer(815301076,1909f56bfc062723c751e8b465ee728b)
Start importing Assets/Scripts/CharacterControl/EnemyManager.cs using Guid(42468b8fa49b5394696ae1d2285515ac) Importer(815301076,1909f56bfc062723c751e8b465ee728b)  -> (artifact id: '92cf8ac42f7bc1bce748a0ea23d81753') in 0.012034 seconds
  Import took 0.071155 seconds .

========================================================================
Received Prepare
Registering precompiled user dll's ...
Registered in 0.001985 seconds.
Begin MonoManager ReloadAssembly
Native extension for WindowsStandalone target not found
Refreshing native plugins compatible for Editor in 0.76 ms, found 0 plugins.
Preloading 0 native plugins for Editor in 0.00 ms.
Invoked RoslynAnalysisRunner static constructor.
RoslynAnalysisRunner will not be running.
RoslynAnalysisRunner has terminated.
Mono: successfully reloaded assembly
- Completed reload, in  1.533 seconds
Platform modules already initialized, skipping
Shader 'Universal Render Pipeline/Particles/Lit': fallback shader 'Universal Render Pipeline/Particles/SimpleLit' not found
Refreshing native plugins compatible for Editor in 0.82 ms, found 0 plugins.
Preloading 0 native plugins for Editor in 0.00 ms.
Unloading 2599 Unused Serialized files (Serialized files now loaded: 0)
System memory in use before: 128.1 MB.
System memory in use after: 128.3 MB.

Unloading 5 unused Assets to reduce memory usage. Loaded Objects now: 3365.
Total: 4.679000 ms (FindLiveObjects: 0.382200 ms CreateObjectMapping: 0.198800 ms MarkObjects: 3.024400 ms  DeleteObjects: 1.071700 ms)

========================================================================
Received Prepare
Registering precompiled user dll's ...
Registered in 0.001977 seconds.
Begin MonoManager ReloadAssembly
Native extension for WindowsStandalone target not found
Refreshing native plugins compatible for Editor in 0.52 ms, found 0 plugins.
Preloading 0 native plugins for Editor in 0.00 ms.
Invoked RoslynAnalysisRunner static constructor.
RoslynAnalysisRunner will not be running.
RoslynAnalysisRunner has terminated.
Mono: successfully reloaded assembly
- Completed reload, in  1.861 seconds
Platform modules already initialized, skipping
Shader 'Universal Render Pipeline/Particles/Lit': fallback shader 'Universal Render Pipeline/Particles/SimpleLit' not found
Refreshing native plugins compatible for Editor in 0.92 ms, found 0 plugins.
Preloading 0 native plugins for Editor in 0.00 ms.
Unloading 2599 Unused Serialized files (Serialized files now loaded: 0)
System memory in use before: 128.1 MB.
System memory in use after: 128.3 MB.

Unloading 5 unused Assets to reduce memory usage. Loaded Objects now: 3367.
Total: 4.759100 ms (FindLiveObjects: 0.656800 ms CreateObjectMapping: 0.334300 ms MarkObjects: 3.045800 ms  DeleteObjects: 0.718600 ms)

========================================================================
Received Import Request.
  Time since last request: 1044.189333 seconds.
  path: Assets/Prefab/Enemy/EnemyLv1.prefab
  artifactKey: Guid(a624a0e3000461e4286965f8a65aedb6) Importer(815301076,1909f56bfc062723c751e8b465ee728b)
Start importing Assets/Prefab/Enemy/EnemyLv1.prefab using Guid(a624a0e3000461e4286965f8a65aedb6) Importer(815301076,1909f56bfc062723c751e8b465ee728b)  -> (artifact id: 'da0e4e22247b403e357c796e47143a3e') in 1.555236 seconds
  Import took 1.601094 seconds .

========================================================================
Received Import Request.
  Time since last request: 0.000316 seconds.
  path: Assets/Prefab/Enemy/EnemyLv2.prefab
  artifactKey: Guid(c09767a80c39dca498c95b2e5be1afd8) Importer(815301076,1909f56bfc062723c751e8b465ee728b)
Start importing Assets/Prefab/Enemy/EnemyLv2.prefab using Guid(c09767a80c39dca498c95b2e5be1afd8) Importer(815301076,1909f56bfc062723c751e8b465ee728b)  -> (artifact id: 'd69227999095e50ea9e0eb488d2d2287') in 0.248589 seconds
  Import took 0.293898 seconds .

========================================================================
Received Prepare
Registering precompiled user dll's ...
Registered in 0.001778 seconds.
Begin MonoManager ReloadAssembly
Native extension for WindowsStandalone target not found
Refreshing native plugins compatible for Editor in 0.79 ms, found 0 plugins.
Preloading 0 native plugins for Editor in 0.00 ms.
Invoked RoslynAnalysisRunner static constructor.
RoslynAnalysisRunner will not be running.
RoslynAnalysisRunner has terminated.
Mono: successfully reloaded assembly
- Completed reload, in  1.856 seconds
Platform modules already initialized, skipping
Shader 'Universal Render Pipeline/Particles/Lit': fallback shader 'Universal Render Pipeline/Particles/SimpleLit' not found
Refreshing native plugins compatible for Editor in 0.75 ms, found 0 plugins.
Preloading 0 native plugins for Editor in 0.00 ms.
Unloading 2599 Unused Serialized files (Serialized files now loaded: 0)
System memory in use before: 128.3 MB.
System memory in use after: 128.5 MB.

Unloading 5 unused Assets to reduce memory usage. Loaded Objects now: 3405.
Total: 5.542500 ms (FindLiveObjects: 2.068800 ms CreateObjectMapping: 0.456000 ms MarkObjects: 2.988300 ms  DeleteObjects: 0.021000 ms)

========================================================================
Received Prepare
Registering precompiled user dll's ...
Registered in 0.001344 seconds.
Begin MonoManager ReloadAssembly
Native extension for WindowsStandalone target not found
Refreshing native plugins compatible for Editor in 0.50 ms, found 0 plugins.
Preloading 0 native plugins for Editor in 0.00 ms.
Invoked RoslynAnalysisRunner static constructor.
RoslynAnalysisRunner will not be running.
RoslynAnalysisRunner has terminated.
Mono: successfully reloaded assembly
- Completed reload, in  1.519 seconds
Platform modules already initialized, skipping
Shader 'Universal Render Pipeline/Particles/Lit': fallback shader 'Universal Render Pipeline/Particles/SimpleLit' not found
Refreshing native plugins compatible for Editor in 0.54 ms, found 0 plugins.
Preloading 0 native plugins for Editor in 0.00 ms.
Unloading 2599 Unused Serialized files (Serialized files now loaded: 0)
System memory in use before: 128.3 MB.
System memory in use after: 128.6 MB.

Unloading 5 unused Assets to reduce memory usage. Loaded Objects now: 3407.
Total: 3.303200 ms (FindLiveObjects: 0.441800 ms CreateObjectMapping: 0.177200 ms MarkObjects: 2.625200 ms  DeleteObjects: 0.056900 ms)

========================================================================
Received Prepare
Registering precompiled user dll's ...
Registered in 0.001377 seconds.
Begin MonoManager ReloadAssembly
Native extension for WindowsStandalone target not found
Refreshing native plugins compatible for Editor in 0.61 ms, found 0 plugins.
Preloading 0 native plugins for Editor in 0.00 ms.
Invoked RoslynAnalysisRunner static constructor.
RoslynAnalysisRunner will not be running.
RoslynAnalysisRunner has terminated.
Mono: successfully reloaded assembly
- Completed reload, in  1.435 seconds
Platform modules already initialized, skipping
Shader 'Universal Render Pipeline/Particles/Lit': fallback shader 'Universal Render Pipeline/Particles/SimpleLit' not found
Refreshing native plugins compatible for Editor in 0.49 ms, found 0 plugins.
Preloading 0 native plugins for Editor in 0.00 ms.
Unloading 2599 Unused Serialized files (Serialized files now loaded: 0)
System memory in use before: 128.3 MB.
System memory in use after: 128.6 MB.

Unloading 5 unused Assets to reduce memory usage. Loaded Objects now: 3409.
Total: 5.001800 ms (FindLiveObjects: 0.550900 ms CreateObjectMapping: 0.266700 ms MarkObjects: 4.155800 ms  DeleteObjects: 0.026300 ms)

========================================================================
Received Import Request.
  Time since last request: 1213.292661 seconds.
  path: Assets/Prefab/Enemy/EnemyProjectile/EnemyProjectile_8_clock.prefab
  artifactKey: Guid(a29a2d9d5f7969d45ac1401f3b9fb1bb) Importer(815301076,1909f56bfc062723c751e8b465ee728b)
Start importing Assets/Prefab/Enemy/EnemyProjectile/EnemyProjectile_8_clock.prefab using Guid(a29a2d9d5f7969d45ac1401f3b9fb1bb) Importer(815301076,1909f56bfc062723c751e8b465ee728b)  -> (artifact id: '9ebf4840c6f7d1c856885e7a4ec89cf9') in 0.344831 seconds
  Import took 0.374715 seconds .

========================================================================
Received Import Request.
  Time since last request: 14.707475 seconds.
  path: Assets/Prefab/Enemy/EnemyProjectile/EnemyProjectile_9_clock.prefab
  artifactKey: Guid(7cbf95ced57d57846809456d23aaba7d) Importer(815301076,1909f56bfc062723c751e8b465ee728b)
Start importing Assets/Prefab/Enemy/EnemyProjectile/EnemyProjectile_9_clock.prefab using Guid(7cbf95ced57d57846809456d23aaba7d) Importer(815301076,1909f56bfc062723c751e8b465ee728b)  -> (artifact id: '713f81f99ba9c46c4183d2fac72bbdd0') in 0.030914 seconds
  Import took 0.064383 seconds .

========================================================================
Received Import Request.
  Time since last request: 0.007867 seconds.
  path: Assets/Prefab/Enemy/EnemyProjectile/EnemyProjectile_9_clock.prefab
  artifactKey: Guid(7cbf95ced57d57846809456d23aaba7d) Importer(815301076,1909f56bfc062723c751e8b465ee728b)
Start importing Assets/Prefab/Enemy/EnemyProjectile/EnemyProjectile_9_clock.prefab using Guid(7cbf95ced57d57846809456d23aaba7d) Importer(815301076,1909f56bfc062723c751e8b465ee728b)  -> (artifact id: '713f81f99ba9c46c4183d2fac72bbdd0') in 0.022551 seconds
  Import took 0.029488 seconds .

========================================================================
Received Import Request.
  Time since last request: 1.587850 seconds.
  path: Assets/Prefab/Enemy/EnemyProjectile/EnemyProjectile_10_clock.prefab
  artifactKey: Guid(f9399fa7b7d1da1439b47351d45457c2) Importer(815301076,1909f56bfc062723c751e8b465ee728b)
Start importing Assets/Prefab/Enemy/EnemyProjectile/EnemyProjectile_10_clock.prefab using Guid(f9399fa7b7d1da1439b47351d45457c2) Importer(815301076,1909f56bfc062723c751e8b465ee728b)  -> (artifact id: 'd13587d7dda7c25e270bea906c9da880') in 0.044153 seconds
  Import took 0.058671 seconds .

========================================================================
Received Import Request.
  Time since last request: 0.002948 seconds.
  path: Assets/Prefab/Enemy/EnemyProjectile/EnemyProjectile_10_clock.prefab
  artifactKey: Guid(f9399fa7b7d1da1439b47351d45457c2) Importer(815301076,1909f56bfc062723c751e8b465ee728b)
Start importing Assets/Prefab/Enemy/EnemyProjectile/EnemyProjectile_10_clock.prefab using Guid(f9399fa7b7d1da1439b47351d45457c2) Importer(815301076,1909f56bfc062723c751e8b465ee728b)  -> (artifact id: 'd13587d7dda7c25e270bea906c9da880') in 0.020630 seconds
  Import took 0.029057 seconds .

========================================================================
Received Import Request.
  Time since last request: 1.675933 seconds.
  path: Assets/Prefab/Enemy/EnemyProjectile/EnemyProjectile_aiming.prefab
  artifactKey: Guid(053e1914939e4f141860a5fcbf82c1b2) Importer(815301076,1909f56bfc062723c751e8b465ee728b)
Start importing Assets/Prefab/Enemy/EnemyProjectile/EnemyProjectile_aiming.prefab using Guid(053e1914939e4f141860a5fcbf82c1b2) Importer(815301076,1909f56bfc062723c751e8b465ee728b)  -> (artifact id: 'c95e08b1e38a84699db92c3271390a9d') in 0.020747 seconds
  Import took 0.062852 seconds .

========================================================================
Received Import Request.
  Time since last request: 0.009862 seconds.
  path: Assets/Prefab/Enemy/EnemyProjectile/EnemyProjectile_aiming.prefab
  artifactKey: Guid(053e1914939e4f141860a5fcbf82c1b2) Importer(815301076,1909f56bfc062723c751e8b465ee728b)
Start importing Assets/Prefab/Enemy/EnemyProjectile/EnemyProjectile_aiming.prefab using Guid(053e1914939e4f141860a5fcbf82c1b2) Importer(815301076,1909f56bfc062723c751e8b465ee728b)  -> (artifact id: 'c95e08b1e38a84699db92c3271390a9d') in 0.018743 seconds
  Import took 0.025687 seconds .

========================================================================
Received Import Request.
  Time since last request: 1.559119 seconds.
  path: Assets/Prefab/Enemy/EnemyProjectile/EnemyProjectile_basic.prefab
  artifactKey: Guid(47d21302cf994a34089acbcdd5e837b4) Importer(815301076,1909f56bfc062723c751e8b465ee728b)
Start importing Assets/Prefab/Enemy/EnemyProjectile/EnemyProjectile_basic.prefab using Guid(47d21302cf994a34089acbcdd5e837b4) Importer(815301076,1909f56bfc062723c751e8b465ee728b)  -> (artifact id: '444d6e2a6630a7220f66573c80e21fd8') in 0.027979 seconds
  Import took 0.035561 seconds .

========================================================================
Received Import Request.
  Time since last request: 3.022034 seconds.
  path: Assets/Prefab/Enemy/EnemyProjectile/EnemyProjectile_basic.prefab
  artifactKey: Guid(47d21302cf994a34089acbcdd5e837b4) Importer(815301076,1909f56bfc062723c751e8b465ee728b)
Start importing Assets/Prefab/Enemy/EnemyProjectile/EnemyProjectile_basic.prefab using Guid(47d21302cf994a34089acbcdd5e837b4) Importer(815301076,1909f56bfc062723c751e8b465ee728b)  -> (artifact id: '4904464352ce1dab14deda38f9f5861e') in 0.047604 seconds
  Import took 0.077028 seconds .

========================================================================
Received Prepare
Registering precompiled user dll's ...
Registered in 0.001187 seconds.
Begin MonoManager ReloadAssembly
Native extension for WindowsStandalone target not found
Refreshing native plugins compatible for Editor in 3.30 ms, found 0 plugins.
Preloading 0 native plugins for Editor in 0.00 ms.
Invoked RoslynAnalysisRunner static constructor.
RoslynAnalysisRunner will not be running.
RoslynAnalysisRunner has terminated.
Mono: successfully reloaded assembly
- Completed reload, in  1.421 seconds
Platform modules already initialized, skipping
Shader 'Universal Render Pipeline/Particles/Lit': fallback shader 'Universal Render Pipeline/Particles/SimpleLit' not found
Refreshing native plugins compatible for Editor in 0.82 ms, found 0 plugins.
Preloading 0 native plugins for Editor in 0.00 ms.
Unloading 2599 Unused Serialized files (Serialized files now loaded: 0)
System memory in use before: 128.5 MB.
System memory in use after: 128.7 MB.

Unloading 5 unused Assets to reduce memory usage. Loaded Objects now: 3447.
Total: 5.354700 ms (FindLiveObjects: 1.700000 ms CreateObjectMapping: 0.347400 ms MarkObjects: 3.280700 ms  DeleteObjects: 0.020700 ms)

