Using pre-set license
Built from '2020.2/china_unity/release' branch; Version is '2020.2.0f1c1 (f2fe8b73675a) revision 15924875'; Using compiler version '192528614'; Build Type 'Release'
OS: 'Windows 10  (10.0.0) 64bit' Language: 'zh' Physical Memory: 8053 MB
BatchMode: 1, IsHumanControllingUs: 0, StartBugReporterOnCrash: 0, Is64bit: 1, IsPro: 0

 COMMAND LINE ARGUMENTS:
D:\GameDeveloperTools\UNITY\UnityEditorInstall\2020.2.0f1c1\Editor\Unity.exe
-adb2
-batchMode
-noUpm
-name
AssetImportWorker1
-projectPath
D:/Developer/WorkPlace/UnityProgram/BreakTheRainbow
-logFile
Logs/AssetImportWorker1.log
-srvPort
56170
Successfully changed project path to: D:/Developer/WorkPlace/UnityProgram/BreakTheRainbow
D:/Developer/WorkPlace/UnityProgram/BreakTheRainbow
Using Asset Import Pipeline V2.
Refreshing native plugins compatible for Editor in 63.88 ms, found 0 plugins.
Preloading 0 native plugins for Editor in 0.00 ms.
Initialize engine version: 2020.2.0f1c1 (f2fe8b73675a)
[Subsystems] Discovering subsystems at path D:/GameDeveloperTools/UNITY/UnityEditorInstall/2020.2.0f1c1/Editor/Data/Resources/UnitySubsystems
[Subsystems] Discovering subsystems at path D:/Developer/WorkPlace/UnityProgram/BreakTheRainbow/Assets
GfxDevice: creating device client; threaded=0
Direct3D:
    Version:  Direct3D 11.0 [level 11.1]
    Renderer: NVIDIA GeForce GTX 1050 (ID=0x1c8d)
    Vendor:   
    VRAM:     4021 MB
    Driver:   27.21.14.6079
Shader 'Universal Render Pipeline/Particles/Lit': fallback shader 'Universal Render Pipeline/Particles/SimpleLit' not found
Initialize mono
Mono path[0] = 'D:/GameDeveloperTools/UNITY/UnityEditorInstall/2020.2.0f1c1/Editor/Data/Managed'
Mono path[1] = 'D:/GameDeveloperTools/UNITY/UnityEditorInstall/2020.2.0f1c1/Editor/Data/MonoBleedingEdge/lib/mono/unityjit'
Mono config path = 'D:/GameDeveloperTools/UNITY/UnityEditorInstall/2020.2.0f1c1/Editor/Data/MonoBleedingEdge/etc'
Using monoOptions --debugger-agent=transport=dt_socket,embedding=1,server=y,suspend=n,address=127.0.0.1:56368
Begin MonoManager ReloadAssembly
Registering precompiled unity dll's ...
Register platform support module: D:/GameDeveloperTools/UNITY/UnityEditorInstall/2020.2.0f1c1/Editor/Data/PlaybackEngines/WindowsStandaloneSupport/UnityEditor.WindowsStandalone.Extensions.dll
Registered in 0.082764 seconds.
Native extension for WindowsStandalone target not found
Refreshing native plugins compatible for Editor in 1583.97 ms, found 0 plugins.
Preloading 0 native plugins for Editor in 0.00 ms.
